Removed Pin From Net: NetName=GND Pin=C30-1
Removed Pin From Net: NetName=+1V0 Pin=C30-2
Removed Pin From Net: NetName=GND Pin=C31-1
Removed Pin From Net: NetName=+1V0 Pin=C31-2
Removed Pin From Net: NetName=GND Pin=C32-1
Removed Pin From Net: NetName=+1V0 Pin=C32-2
Removed Pin From Net: NetName=GND Pin=C33-1
Removed Pin From Net: NetName=+1V0 Pin=C33-2
Removed Member From Class: ClassName=SOCPowerDecoupling Member=C59
Removed Member From Class: ClassName=SOCPowerDecoupling Member=C60
Removed Member From Class: ClassName=SOCPowerDecoupling Member=C61
Change Component Designator: OldDesignator=C29 NewDesignator=C30
Change Component Designator: OldDesignator=C34 NewDesignator=C31
Change Component Designator: OldDesignator=C35 NewDesignator=C32
Change Component Designator: OldDesignator=C36 NewDesignator=C33
Change Component Designator: OldDesignator=C37 NewDesignator=C34
Change Component Designator: OldDesignator=C38 NewDesignator=C35
Change Component Designator: OldDesignator=C39 NewDesignator=C36
Change Component Designator: OldDesignator=C40 NewDesignator=C37
Change Component Designator: OldDesignator=C41 NewDesignator=C38
Change Component Designator: OldDesignator=C42 NewDesignator=C39
Change Component Designator: OldDesignator=C43 NewDesignator=C40
Change Component Designator: OldDesignator=C44 NewDesignator=C41
Change Component Designator: OldDesignator=C45 NewDesignator=C42
Change Component Designator: OldDesignator=C46 NewDesignator=C43
Change Component Designator: OldDesignator=C47 NewDesignator=C44
Change Component Designator: OldDesignator=C48 NewDesignator=C45
Change Component Designator: OldDesignator=C49 NewDesignator=C46
Change Component Designator: OldDesignator=C50 NewDesignator=C47
Change Component Designator: OldDesignator=C51 NewDesignator=C48
Change Component Designator: OldDesignator=C52 NewDesignator=C49
Change Component Designator: OldDesignator=C53 NewDesignator=C50
Change Component Designator: OldDesignator=C54 NewDesignator=C51
Change Component Designator: OldDesignator=C55 NewDesignator=C52
Change Component Designator: OldDesignator=C56 NewDesignator=C53
Change Component Designator: OldDesignator=C57 NewDesignator=C54
Change Component Designator: OldDesignator=C58 NewDesignator=C55
Change Component Designator: OldDesignator=C59 NewDesignator=C56
Change Component Designator: OldDesignator=C60 NewDesignator=C57
Change Component Designator: OldDesignator=C61 NewDesignator=C58
Change Component Designator: OldDesignator=C62 NewDesignator=C59
Change Component Designator: OldDesignator=C63 NewDesignator=C60
Change Component Designator: OldDesignator=C64 NewDesignator=C61
Change Component Designator: OldDesignator=C65 NewDesignator=C62
Change Component Designator: OldDesignator=C66 NewDesignator=C63
Change Component Designator: OldDesignator=C67 NewDesignator=C64
Change Component Designator: OldDesignator=C68 NewDesignator=C65
Change Component Designator: OldDesignator=C69 NewDesignator=C66
Change Component Designator: OldDesignator=C70 NewDesignator=C67
Change Component Designator: OldDesignator=C71 NewDesignator=C68
Change Component Designator: OldDesignator=C72 NewDesignator=C69
Change Component Designator: OldDesignator=C73 NewDesignator=C70
Change Component Designator: OldDesignator=C74 NewDesignator=C71
Change Component Designator: OldDesignator=C75 NewDesignator=C72
Change Component Designator: OldDesignator=C76 NewDesignator=C73
Change Component Designator: OldDesignator=C77 NewDesignator=C74
Change Component Designator: OldDesignator=C78 NewDesignator=C75
Change Component Designator: OldDesignator=C79 NewDesignator=C76
Change Component Designator: OldDesignator=C80 NewDesignator=C77
Change Component Designator: OldDesignator=C81 NewDesignator=C78
Change Component Designator: OldDesignator=C82 NewDesignator=C79
Change Component Designator: OldDesignator=C83 NewDesignator=C80
Change Component Designator: OldDesignator=C84 NewDesignator=C81
Change Component Designator: OldDesignator=C85 NewDesignator=C82
Change Component Designator: OldDesignator=C86 NewDesignator=C83
Change Component Designator: OldDesignator=C87 NewDesignator=C84
Change Component Designator: OldDesignator=C88 NewDesignator=C85
Change Component Designator: OldDesignator=C89 NewDesignator=C86
Change Component Designator: OldDesignator=C90 NewDesignator=C87
Change Component Designator: OldDesignator=C91 NewDesignator=C88
Change Component Designator: OldDesignator=C92 NewDesignator=C89
Change Component Designator: OldDesignator=C93 NewDesignator=C90
Change Component Designator: OldDesignator=C94 NewDesignator=C91
Change Component Designator: OldDesignator=C95 NewDesignator=C92
Change Component Designator: OldDesignator=C96 NewDesignator=C93
Change Component Designator: OldDesignator=C97 NewDesignator=C94
Change Component Designator: OldDesignator=C98 NewDesignator=C95
Change Component Designator: OldDesignator=C99 NewDesignator=C96
Change Component Designator: OldDesignator=C100 NewDesignator=C97
Change Component Designator: OldDesignator=C101 NewDesignator=C98
Change Component Designator: OldDesignator=C102 NewDesignator=C99
Change Component Designator: OldDesignator=C103 NewDesignator=C100
Change Component Designator: OldDesignator=C104 NewDesignator=C101
Change Component Designator: OldDesignator=C105 NewDesignator=C102
Change Component Designator: OldDesignator=C106 NewDesignator=C103
Change Component Designator: OldDesignator=C107 NewDesignator=C104
Change Component Designator: OldDesignator=C108 NewDesignator=C105
Change Component Designator: OldDesignator=C109 NewDesignator=C106
Change Component Designator: OldDesignator=C110 NewDesignator=C107
Change Component Designator: OldDesignator=C111 NewDesignator=C108
Change Component Designator: OldDesignator=C112 NewDesignator=C109
Change Component Designator: OldDesignator=C113 NewDesignator=C110
Change Component Designator: OldDesignator=C114 NewDesignator=C111
Change Component Designator: OldDesignator=C115 NewDesignator=C112
Change Component Designator: OldDesignator=C116 NewDesignator=C113
Change Component Designator: OldDesignator=C117 NewDesignator=C114
Change Component Designator: OldDesignator=C118 NewDesignator=C115
Change Component Designator: OldDesignator=C119 NewDesignator=C116
Change Component Designator: OldDesignator=C120 NewDesignator=C117
Change Component Designator: OldDesignator=C121 NewDesignator=C118
Change Component Designator: OldDesignator=C122 NewDesignator=C119
Change Component Designator: OldDesignator=C123 NewDesignator=C120
Change Component Designator: OldDesignator=C124 NewDesignator=C121
Change Component Designator: OldDesignator=C125 NewDesignator=C122
Change Component Designator: OldDesignator=C126 NewDesignator=C123
Change Component Designator: OldDesignator=C127 NewDesignator=C124
Change Component Designator: OldDesignator=C128 NewDesignator=C125
Change Component Designator: OldDesignator=C129 NewDesignator=C126
Change Component Designator: OldDesignator=C130 NewDesignator=C127
Change Component Designator: OldDesignator=C131 NewDesignator=C128
Change Component Designator: OldDesignator=C132 NewDesignator=C129
Change Component Designator: OldDesignator=C133 NewDesignator=C130
Change Component Designator: OldDesignator=C134 NewDesignator=C131
Change Component Designator: OldDesignator=C135 NewDesignator=C132
Change Component Designator: OldDesignator=C136 NewDesignator=C133
Change Component Designator: OldDesignator=C137 NewDesignator=C134
Change Component Designator: OldDesignator=C138 NewDesignator=C135
Change Component Designator: OldDesignator=C139 NewDesignator=C136
Change Component Designator: OldDesignator=C140 NewDesignator=C137
Change Component Designator: OldDesignator=C141 NewDesignator=C138
Change Component Designator: OldDesignator=C142 NewDesignator=C139
Change Component Designator: OldDesignator=C143 NewDesignator=C140
Change Component Designator: OldDesignator=C144 NewDesignator=C141
Change Component Designator: OldDesignator=C145 NewDesignator=C142
Change Component Designator: OldDesignator=C146 NewDesignator=C143
Change Component Designator: OldDesignator=C147 NewDesignator=C144
Added Component: Designator=C29(CAPPM7344X310N)
Add component (AddParameter): Name = "Arrow Part Number"; Value = "T491A106M010AT"; VariantName = "[No Variations]"
Add component (AddParameter): Name = "Arrow Price/Stock"; Value = "https://www.arrow.com/en/products/t491a106m010at/kemet-corporation?region=nac"; VariantName = "[No Variations]"
Add component (AddParameter): Name = "Datasheet Link"; Value = "https://content.kemet.com/datasheets/KEM_T2005_T491.pdf"; VariantName = "[No Variations]"
Add component (AddParameter): Name = "Height"; Value = "1.8mm"; VariantName = "[No Variations]"
Add component (AddParameter): Name = "Manufacturer_Name"; Value = "KEMET"; VariantName = "[No Variations]"
Add component (AddParameter): Name = "Manufacturer_Part_Number"; Value = "T491A106M010AT"; VariantName = "[No Variations]"
Add component (AddParameter): Name = "Mouser Part Number"; Value = "80-T491A106M010"; VariantName = "[No Variations]"
Add component (AddParameter): Name = "Mouser Price/Stock"; Value = "https://www.mouser.co.uk/ProductDetail/KEMET/T491A106M010AT?qs=VCf6WUQjPgG9lDvYXR0yBw%3D%3D"; VariantName = "[No Variations]"
Added Pin To Net: NetName=+1V0 Pin=C29-1
Added Pin To Net: NetName=GND Pin=C29-2
Added Member To Class: ClassName=SOCPSBanks Member=Component R41 10k
Added Member To Class: ClassName=SOCPSBanks Member=Component R42 10k
