Removed Pin From Net: NetName=GND Pin=C27-1
Removed Pin From Net: NetName=BUCKS_PG Pin=C27-2
Removed Pin From Net: NetName=BUCKS_PG Pin=Q1-1
Removed Member From Class: ClassName=SOCPowerSupplys Member=C27
Removed Member From Class: ClassName=PLBank33 Member=C65
Removed Member From Class: ClassName=SOCPSBanks Member=C71
Removed Member From Class: ClassName=PLBank33 Member=FB7
Removed Member From Class: ClassName=PLBank33 Member=R40
Removed Member From Class: ClassName=PLMGTBanks Member=R40
Removed Member From Class: ClassName=SOCPSBanks Member=R64
Removed Member From Class: ClassName=SOCDDR3Bank Member=R92
Removed Member From Class: ClassName=DDR3Modules Member=R94
Removed Member From Class: ClassName=SOCUSBHSPHY Member=R116
Removed Member From Class: ClassName=PLBank33 Member=X2
Removed Member From Class: ClassName=SOCUSBHSPHY Member=X4
Change Component Designator: OldDesignator=C28 NewDesignator=C27
Change Component Designator: OldDesignator=C29 NewDesignator=C28
Change Component Designator: OldDesignator=C30 NewDesignator=C29
Change Component Designator: OldDesignator=C31 NewDesignator=C30
Change Component Designator: OldDesignator=C32 NewDesignator=C31
Change Component Designator: OldDesignator=C33 NewDesignator=C32
Change Component Designator: OldDesignator=C34 NewDesignator=C33
Change Component Designator: OldDesignator=C35 NewDesignator=C34
Change Component Designator: OldDesignator=C36 NewDesignator=C35
Change Component Designator: OldDesignator=C37 NewDesignator=C36
Change Component Designator: OldDesignator=C38 NewDesignator=C37
Change Component Designator: OldDesignator=C39 NewDesignator=C38
Change Component Designator: OldDesignator=C40 NewDesignator=C39
Change Component Designator: OldDesignator=C41 NewDesignator=C40
Change Component Designator: OldDesignator=C42 NewDesignator=C41
Change Component Designator: OldDesignator=C43 NewDesignator=C42
Change Component Designator: OldDesignator=C44 NewDesignator=C43
Change Component Designator: OldDesignator=C45 NewDesignator=C44
Change Component Designator: OldDesignator=C46 NewDesignator=C45
Change Component Designator: OldDesignator=C47 NewDesignator=C46
Change Component Designator: OldDesignator=C48 NewDesignator=C47
Change Component Designator: OldDesignator=C49 NewDesignator=C48
Change Component Designator: OldDesignator=C50 NewDesignator=C49
Change Component Designator: OldDesignator=C51 NewDesignator=C50
Change Component Designator: OldDesignator=C52 NewDesignator=C51
Change Component Designator: OldDesignator=C53 NewDesignator=C52
Change Component Designator: OldDesignator=C54 NewDesignator=C53
Change Component Designator: OldDesignator=C55 NewDesignator=C54
Change Component Designator: OldDesignator=C56 NewDesignator=C55
Change Component Designator: OldDesignator=C57 NewDesignator=C56
Change Component Designator: OldDesignator=C58 NewDesignator=C57
Change Component Designator: OldDesignator=C59 NewDesignator=C58
Change Component Designator: OldDesignator=C60 NewDesignator=C59
Change Component Designator: OldDesignator=C61 NewDesignator=C60
Change Component Designator: OldDesignator=C62 NewDesignator=C61
Change Component Designator: OldDesignator=C63 NewDesignator=C62
Change Component Designator: OldDesignator=C64 NewDesignator=C63
Change Component Designator: OldDesignator=C65 NewDesignator=C64
Change Component Designator: OldDesignator=C66 NewDesignator=C65
Change Component Designator: OldDesignator=C67 NewDesignator=C66
Change Component Designator: OldDesignator=C68 NewDesignator=C67
Change Component Designator: OldDesignator=C69 NewDesignator=C68
Change Component Designator: OldDesignator=C70 NewDesignator=C69
Change Component Designator: OldDesignator=C71 NewDesignator=C70
Change Component Designator: OldDesignator=C72 NewDesignator=C71
Change Component Designator: OldDesignator=C73 NewDesignator=C72
Change Component Designator: OldDesignator=C74 NewDesignator=C73
Change Component Designator: OldDesignator=C75 NewDesignator=C74
Change Component Designator: OldDesignator=C76 NewDesignator=C75
Change Component Designator: OldDesignator=C77 NewDesignator=C76
Change Component Designator: OldDesignator=C78 NewDesignator=C77
Change Component Designator: OldDesignator=C79 NewDesignator=C78
Change Component Designator: OldDesignator=C80 NewDesignator=C79
Change Component Designator: OldDesignator=C81 NewDesignator=C80
Change Component Designator: OldDesignator=C82 NewDesignator=C81
Change Component Designator: OldDesignator=C83 NewDesignator=C82
Change Component Designator: OldDesignator=C84 NewDesignator=C83
Change Component Designator: OldDesignator=C85 NewDesignator=C84
Change Component Designator: OldDesignator=C86 NewDesignator=C85
Change Component Designator: OldDesignator=C87 NewDesignator=C86
Change Component Designator: OldDesignator=C88 NewDesignator=C87
Change Component Designator: OldDesignator=C89 NewDesignator=C88
Change Component Designator: OldDesignator=C90 NewDesignator=C89
Change Component Designator: OldDesignator=C91 NewDesignator=C90
Change Component Designator: OldDesignator=C92 NewDesignator=C91
Change Component Designator: OldDesignator=C93 NewDesignator=C92
Change Component Designator: OldDesignator=C94 NewDesignator=C93
Change Component Designator: OldDesignator=C95 NewDesignator=C94
Change Component Designator: OldDesignator=C96 NewDesignator=C95
Change Component Designator: OldDesignator=C97 NewDesignator=C96
Change Component Designator: OldDesignator=C98 NewDesignator=C97
Change Component Designator: OldDesignator=C99 NewDesignator=C98
Change Component Designator: OldDesignator=C100 NewDesignator=C99
Change Component Designator: OldDesignator=C101 NewDesignator=C100
Change Component Designator: OldDesignator=C102 NewDesignator=C101
Change Component Designator: OldDesignator=C103 NewDesignator=C102
Change Component Designator: OldDesignator=C104 NewDesignator=C103
Change Component Designator: OldDesignator=C105 NewDesignator=C104
Change Component Designator: OldDesignator=C106 NewDesignator=C105
Change Component Designator: OldDesignator=C107 NewDesignator=C106
Change Component Designator: OldDesignator=C108 NewDesignator=C107
Change Component Designator: OldDesignator=C109 NewDesignator=C108
Change Component Designator: OldDesignator=C110 NewDesignator=C109
Change Component Designator: OldDesignator=C111 NewDesignator=C110
Change Component Designator: OldDesignator=C112 NewDesignator=C111
Change Component Designator: OldDesignator=C113 NewDesignator=C112
Change Component Designator: OldDesignator=C114 NewDesignator=C113
Change Component Designator: OldDesignator=C115 NewDesignator=C114
Change Component Designator: OldDesignator=C116 NewDesignator=C115
Change Component Designator: OldDesignator=C117 NewDesignator=C116
Change Component Designator: OldDesignator=C118 NewDesignator=C117
Change Component Designator: OldDesignator=C119 NewDesignator=C118
Change Component Designator: OldDesignator=C120 NewDesignator=C119
Change Component Designator: OldDesignator=C121 NewDesignator=C120
Change Component Designator: OldDesignator=C122 NewDesignator=C121
Change Component Designator: OldDesignator=C123 NewDesignator=C122
Change Component Designator: OldDesignator=C124 NewDesignator=C123
Change Component Designator: OldDesignator=C125 NewDesignator=C124
Change Component Designator: OldDesignator=C126 NewDesignator=C125
Change Component Designator: OldDesignator=C127 NewDesignator=C126
Change Component Designator: OldDesignator=C128 NewDesignator=C127
Change Component Designator: OldDesignator=C129 NewDesignator=C128
Change Component Designator: OldDesignator=C130 NewDesignator=C129
Change Component Designator: OldDesignator=C131 NewDesignator=C130
Change Component Designator: OldDesignator=C132 NewDesignator=C131
Change Component Designator: OldDesignator=C133 NewDesignator=C132
Change Component Designator: OldDesignator=C134 NewDesignator=C133
Change Component Designator: OldDesignator=C135 NewDesignator=C134
Change Component Designator: OldDesignator=C136 NewDesignator=C135
Change Component Designator: OldDesignator=C137 NewDesignator=C136
Change Component Designator: OldDesignator=C138 NewDesignator=C137
Change Component Designator: OldDesignator=C139 NewDesignator=C138
Change Component Designator: OldDesignator=C140 NewDesignator=C139
Change Component Designator: OldDesignator=C141 NewDesignator=C140
Change Component Designator: OldDesignator=C142 NewDesignator=C141
Change Component Designator: OldDesignator=C143 NewDesignator=C142
Change Component Designator: OldDesignator=C144 NewDesignator=C143
Change Component Designator: OldDesignator=C145 NewDesignator=C144
Change Component Designator: OldDesignator=C146 NewDesignator=C145
Change Component Designator: OldDesignator=C147 NewDesignator=C146
Change Component Designator: OldDesignator=C148 NewDesignator=C147
Added Pin To Net: NetName=SYS_PG Pin=Q1-1
Added Member To Class: ClassName=PLBank33 Member=Component C63 100n
Added Member To Class: ClassName=SOCPSBanks Member=Component C65 100n
Added Member To Class: ClassName=SOCPSBanks Member=Component C67 470n
Added Member To Class: ClassName=SOCPSBanks Member=Component C69 470n
Added Member To Class: ClassName=SOCDDR3Bank Member=Component C71 47n
Added Member To Class: ClassName=SOCDDR3Bank Member=Component C73 47n
Added Member To Class: ClassName=SOCDDR3Bank Member=Component C76 470n
Added Member To Class: ClassName=SOCDDR3Bank Member=Component C78 470n
Added Member To Class: ClassName=SOCDDR3Bank Member=Component C80 4u7
Added Member To Class: ClassName=SOCDDR3Bank Member=Component C82 4u7
Added Member To Class: ClassName=DDR3Modules Member=Component C84 47n
Added Member To Class: ClassName=DDR3Modules Member=Component C86 4u7
Added Member To Class: ClassName=DDR3Modules Member=Component C88 470n
Added Member To Class: ClassName=DDR3Modules Member=Component C90 470n
Added Member To Class: ClassName=DDR3Modules Member=Component C92 470n
Added Member To Class: ClassName=DDR3Modules Member=Component C94 470n
Added Member To Class: ClassName=DDR3Modules Member=Component C96 47n
Added Member To Class: ClassName=DDR3Modules Member=Component C98 4u7
Added Member To Class: ClassName=DDR3Modules Member=Component C100 470n
Added Member To Class: ClassName=DDR3Modules Member=Component C102 470n
Added Member To Class: ClassName=DDR3Modules Member=Component C104 470n
Added Member To Class: ClassName=SOCEthernetPHY Member=Component C106 4u7
Added Member To Class: ClassName=SOCEthernetPHY Member=Component C108 100n
Added Member To Class: ClassName=SOCEthernetPHY Member=Component C110 100n
Added Member To Class: ClassName=SOCEthernetPHY Member=Component C112 100n
Added Member To Class: ClassName=SOCEthernetPHY Member=Component C114 4u7
Added Member To Class: ClassName=SOCEthernetPHY Member=Component C116 4u7
Added Member To Class: ClassName=SOCEthernetPHY Member=Component C118 100n
Added Member To Class: ClassName=SOCEthernetPHY Member=Component C120 100n
Added Member To Class: ClassName=SOCUSBHSPHY Member=Component C122 100n
Added Member To Class: ClassName=SOCUSBHSPHY Member=Component C124 100n
Added Member To Class: ClassName=SOCUSBHSPHY Member=Component C126 100n
Added Member To Class: ClassName=PLUSBSSFTDI Member=Component C128 100n
Added Member To Class: ClassName=PLUSBSSFTDI Member=Component C130 100n
Added Member To Class: ClassName=PLUSBSSFTDI Member=Component C132 100n
Added Member To Class: ClassName=PLUSBSSFTDI Member=Component C134 100n
Added Member To Class: ClassName=PLUSBSSFTDI Member=Component C136 4u7
Added Member To Class: ClassName=PLUSBSSFTDI Member=Component C138 100n
Added Member To Class: ClassName=PLUSBSSFTDI Member=Component C139 100n
Added Member To Class: ClassName=PLUSBSSFTDI Member=Component C141 100n
Added Member To Class: ClassName=PLUSBSSFTDI Member=Component C143 100n
Added Member To Class: ClassName=PLUSBSSFTDI Member=Component C145 100n
Added Member To Class: ClassName=PLBank33 Member=Component FB4 120R @ 100 MHz
Added Member To Class: ClassName=SOCEthernetPHY Member=Component FB5 120R @ 100 MHz
Added Member To Class: ClassName=SOCEthernetPHY Member=Component FB6 120R @ 100 MHz
Added Member To Class: ClassName=PLBank33 Member=Component R38 22R
Added Member To Class: ClassName=PLMGTBanks Member=Component R39 100R
Added Member To Class: ClassName=SOCPSBanks Member=Component R41 10k
Added Member To Class: ClassName=SOCPSBanks Member=Component R43 510R
Added Member To Class: ClassName=SOCPSBanks Member=Component R45 22R
Added Member To Class: ClassName=SOCPSBanks Member=Component R47 22R
Added Member To Class: ClassName=SOCPSBanks Member=Component R49 10k
Added Member To Class: ClassName=SOCPSBanks Member=Component R51 100k
Added Member To Class: ClassName=SOCPSBanks Member=Component R53 10k
Added Member To Class: ClassName=SOCPSBanks Member=Component R55 10k
Added Member To Class: ClassName=SOCPSBanks Member=Component R57 22R
Added Member To Class: ClassName=SOCPSBanks Member=Component R59 22R
Added Member To Class: ClassName=SOCPSBanks Member=Component R61 22R
Added Member To Class: ClassName=SOCPSBanks Member=Component R63 100k
Added Member To Class: ClassName=SOCDDR3Bank Member=Component R65 49R9
Added Member To Class: ClassName=SOCDDR3Bank Member=Component R67 49R9
Added Member To Class: ClassName=SOCDDR3Bank Member=Component R69 49R9
Added Member To Class: ClassName=SOCDDR3Bank Member=Component R71 49R9
Added Member To Class: ClassName=SOCDDR3Bank Member=Component R73 49R9
Added Member To Class: ClassName=SOCDDR3Bank Member=Component R75 49R9
Added Member To Class: ClassName=SOCDDR3Bank Member=Component R77 49R9
Added Member To Class: ClassName=SOCDDR3Bank Member=Component R79 49R9
Added Member To Class: ClassName=SOCDDR3Bank Member=Component R81 49R9
Added Member To Class: ClassName=SOCDDR3Bank Member=Component R83 49R9
Added Member To Class: ClassName=SOCDDR3Bank Member=Component R85 49R9
Added Member To Class: ClassName=SOCDDR3Bank Member=Component R87 49R9
Added Member To Class: ClassName=SOCDDR3Bank Member=Component R89 4k7
Added Member To Class: ClassName=SOCDDR3Bank Member=Component R91 100R
Added Member To Class: ClassName=DDR3Modules Member=Component R93 240R
Added Member To Class: ClassName=SOCEthernetPHY Member=Component R95 4k7
Added Member To Class: ClassName=SOCEthernetPHY Member=Component R97 4k7
Added Member To Class: ClassName=SOCEthernetPHY Member=Component R99 22R
Added Member To Class: ClassName=SOCEthernetPHY Member=Component R101 22R
Added Member To Class: ClassName=SOCEthernetPHY Member=Component R103 22R
Added Member To Class: ClassName=SOCEthernetPHY Member=Component R105 1k
Added Member To Class: ClassName=SOCEthernetPHY Member=Component R107 1k
Added Member To Class: ClassName=SOCEthernetPHY Member=Component R109 22R
Added Member To Class: ClassName=SOCEthernetPHY Member=Component R111 22R
Added Member To Class: ClassName=SOCUSBHSPHY Member=Component R113 1k
Added Member To Class: ClassName=SOCUSBHSPHY Member=Component R115 8k06
Added Member To Class: ClassName=PLUSBSSFTDI Member=Component R117 10k
Added Member To Class: ClassName=PLUSBSSFTDI Member=Component R119 4k7
Added Member To Class: ClassName=PLBank33 Member=Component X1 SX2M13.000M20F30TNN
Added Member To Class: ClassName=SOCUSBHSPHY Member=Component X3 SX2M13.000M20F30TNN
