Added Pin To Net: NetName=GND Pin=J2-30
Added Pin To Net: NetName=ETH_MDI0_P Pin=J2-32
Added Pin To Net: NetName=ETH_MDI0_N Pin=J2-34
Added Pin To Net: NetName=GND Pin=J2-36
Added Pin To Net: NetName=ETH_MDI1_P Pin=J2-38
Added Pin To Net: NetName=GND Pin=J2-39
Added Pin To Net: NetName=ETH_MDI1_N Pin=J2-40
Added Pin To Net: NetName=PROGRAM_B Pin=J2-41
Added Pin To Net: NetName=GND Pin=J2-42
Added Pin To Net: NetName=SYS_PG Pin=J2-43
Added Pin To Net: NetName=ETH_MDI2_P Pin=J2-44
Added Pin To Net: NetName=GND Pin=J2-45
Added Pin To Net: NetName=ETH_MDI2_N Pin=J2-46
Added Pin To Net: NetName=BOOTMODE_0 Pin=J2-47
Added Pin To Net: NetName=GND Pin=J2-48
Added Pin To Net: NetName=BOOTMODE_1 Pin=J2-49
Added Pin To Net: NetName=ETH_MDI3_P Pin=J2-50
Added Pin To Net: NetName=PS_SRST Pin=J2-51
Added Pin To Net: NetName=ETH_MDI3_N Pin=J2-52
Added Pin To Net: NetName=GND Pin=J2-53
Added Pin To Net: NetName=GND Pin=J2-54
Added Pin To Net: NetName=USB_HS_D_P Pin=J2-56
Added Pin To Net: NetName=USB_PHY_VBUS Pin=J2-57
Added Pin To Net: NetName=USB_HS_D_N Pin=J2-58
Added Pin To Net: NetName=USB_CPEN Pin=J2-55
Added Pin To Net: NetName=USB_CPEN Pin=U2-17
Added Net: Name=USB_CPEN
