Removed Pin From Net: NetName=DDR_D13 Pin=IC6-A2
Removed Pin From Net: NetName=DDR_D15 Pin=IC6-A3
Removed Pin From Net: NetName=DDR_D12 Pin=IC6-A7
Removed Pin From Net: NetName=DDR_DQS1_N Pin=IC6-B7
Removed Pin From Net: NetName=DDR_D14 Pin=IC6-B8
Removed Pin From Net: NetName=DDR_D11 Pin=IC6-C2
Removed Pin From Net: NetName=DDR_D9 Pin=IC6-C3
Removed Pin From Net: NetName=DDR_DQS1_P Pin=IC6-C7
Removed Pin From Net: NetName=DDR_D10 Pin=IC6-C8
Removed Pin From Net: NetName=DDR_DM1 Pin=IC6-D3
Removed Pin From Net: NetName=DDR_D8 Pin=IC6-D7
Removed Pin From Net: NetName=DDR_D0 Pin=IC6-E3
Removed Pin From Net: NetName=DDR_DM0 Pin=IC6-E7
Removed Pin From Net: NetName=DDR_D2 Pin=IC6-F2
Removed Pin From Net: NetName=DDR_DQS0_P Pin=IC6-F3
Removed Pin From Net: NetName=DDR_D1 Pin=IC6-F7
Removed Pin From Net: NetName=DDR_D3 Pin=IC6-F8
Removed Pin From Net: NetName=DDR_D6 Pin=IC6-G2
Removed Pin From Net: NetName=DDR_DQS0_N Pin=IC6-G3
Removed Pin From Net: NetName=DDR_D4 Pin=IC6-H3
Removed Pin From Net: NetName=DDR_D7 Pin=IC6-H7
Removed Pin From Net: NetName=DDR_D5 Pin=IC6-H8
Removed Pin From Net: NetName=DDR_D29 Pin=IC7-A2
Removed Pin From Net: NetName=DDR_D31 Pin=IC7-A3
Removed Pin From Net: NetName=DDR_D28 Pin=IC7-A7
Removed Pin From Net: NetName=DDR_DQS3_N Pin=IC7-B7
Removed Pin From Net: NetName=DDR_D30 Pin=IC7-B8
Removed Pin From Net: NetName=DDR_D27 Pin=IC7-C2
Removed Pin From Net: NetName=DDR_D25 Pin=IC7-C3
Removed Pin From Net: NetName=DDR_DQS3_P Pin=IC7-C7
Removed Pin From Net: NetName=DDR_D26 Pin=IC7-C8
Removed Pin From Net: NetName=DDR_DM3 Pin=IC7-D3
Removed Pin From Net: NetName=DDR_D24 Pin=IC7-D7
Removed Pin From Net: NetName=DDR_D16 Pin=IC7-E3
Removed Pin From Net: NetName=DDR_DM2 Pin=IC7-E7
Removed Pin From Net: NetName=DDR_D18 Pin=IC7-F2
Removed Pin From Net: NetName=DDR_DQS2_P Pin=IC7-F3
Removed Pin From Net: NetName=DDR_D17 Pin=IC7-F7
Removed Pin From Net: NetName=DDR_D19 Pin=IC7-F8
Removed Pin From Net: NetName=DDR_D22 Pin=IC7-G2
Removed Pin From Net: NetName=DDR_DQS2_N Pin=IC7-G3
Removed Pin From Net: NetName=DDR_D20 Pin=IC7-H3
Removed Pin From Net: NetName=DDR_D23 Pin=IC7-H7
Removed Pin From Net: NetName=DDR_D21 Pin=IC7-H8
Added Pin To Net: NetName=DDR_D5 Pin=IC6-A2
Added Pin To Net: NetName=DDR_D7 Pin=IC6-A3
Added Pin To Net: NetName=DDR_D4 Pin=IC6-A7
Added Pin To Net: NetName=DDR_DQS0_N Pin=IC6-B7
Added Pin To Net: NetName=DDR_D6 Pin=IC6-B8
Added Pin To Net: NetName=DDR_D3 Pin=IC6-C2
Added Pin To Net: NetName=DDR_D1 Pin=IC6-C3
Added Pin To Net: NetName=DDR_DQS0_P Pin=IC6-C7
Added Pin To Net: NetName=DDR_D2 Pin=IC6-C8
Added Pin To Net: NetName=DDR_DM0 Pin=IC6-D3
Added Pin To Net: NetName=DDR_D0 Pin=IC6-D7
Added Pin To Net: NetName=DDR_D8 Pin=IC6-E3
Added Pin To Net: NetName=DDR_DM1 Pin=IC6-E7
Added Pin To Net: NetName=DDR_D10 Pin=IC6-F2
Added Pin To Net: NetName=DDR_DQS1_P Pin=IC6-F3
Added Pin To Net: NetName=DDR_D9 Pin=IC6-F7
Added Pin To Net: NetName=DDR_D11 Pin=IC6-F8
Added Pin To Net: NetName=DDR_D14 Pin=IC6-G2
Added Pin To Net: NetName=DDR_DQS1_N Pin=IC6-G3
Added Pin To Net: NetName=DDR_D12 Pin=IC6-H3
Added Pin To Net: NetName=DDR_D15 Pin=IC6-H7
Added Pin To Net: NetName=DDR_D13 Pin=IC6-H8
Added Pin To Net: NetName=DDR_D21 Pin=IC7-A2
Added Pin To Net: NetName=DDR_D23 Pin=IC7-A3
Added Pin To Net: NetName=DDR_D20 Pin=IC7-A7
Added Pin To Net: NetName=DDR_DQS2_N Pin=IC7-B7
Added Pin To Net: NetName=DDR_D22 Pin=IC7-B8
Added Pin To Net: NetName=DDR_D19 Pin=IC7-C2
Added Pin To Net: NetName=DDR_D17 Pin=IC7-C3
Added Pin To Net: NetName=DDR_DQS2_P Pin=IC7-C7
Added Pin To Net: NetName=DDR_D18 Pin=IC7-C8
Added Pin To Net: NetName=DDR_DM2 Pin=IC7-D3
Added Pin To Net: NetName=DDR_D16 Pin=IC7-D7
Added Pin To Net: NetName=DDR_D24 Pin=IC7-E3
Added Pin To Net: NetName=DDR_DM3 Pin=IC7-E7
Added Pin To Net: NetName=DDR_D26 Pin=IC7-F2
Added Pin To Net: NetName=DDR_DQS3_P Pin=IC7-F3
Added Pin To Net: NetName=DDR_D25 Pin=IC7-F7
Added Pin To Net: NetName=DDR_D27 Pin=IC7-F8
Added Pin To Net: NetName=DDR_D30 Pin=IC7-G2
Added Pin To Net: NetName=DDR_DQS3_N Pin=IC7-G3
Added Pin To Net: NetName=DDR_D28 Pin=IC7-H3
Added Pin To Net: NetName=DDR_D31 Pin=IC7-H7
Added Pin To Net: NetName=DDR_D29 Pin=IC7-H8
