Added Pin To Net: NetName=B34_IO_L3_N Pin=IC3-G9
Added Net: Name=B34_IO_L3_N
Added Pin To Net: NetName=B34_IO_L3_P Pin=IC3-H9
Added Net: Name=B34_IO_L3_P
Added Pin To Net: NetName=B34_IO_L7_N Pin=IC3-E5
Added Net: Name=B34_IO_L7_N
Added Pin To Net: NetName=B34_IO_L7_P Pin=IC3-F5
Added Net: Name=B34_IO_L7_P
Added Pin To Net: NetName=B34_IO_L9_N Pin=IC3-E8
Added Net: Name=B34_IO_L9_N
Added Pin To Net: NetName=B34_IO_L9_P Pin=IC3-F9
Added Net: Name=B34_IO_L9_P
Added Pin To Net: NetName=B34_IO_L10_N Pin=IC3-D5
Added Net: Name=B34_IO_L10_N
Added Pin To Net: NetName=B34_IO_L10_P Pin=IC3-E6
Added Net: Name=B34_IO_L10_P
Added Pin To Net: NetName=B34_IO_L12_N Pin=IC3-F7
Added Net: Name=B34_IO_L12_N
Added Pin To Net: NetName=B34_IO_L12_P Pin=IC3-G7
Added Net: Name=B34_IO_L12_P
Added Differential Pair: Name=B34_IO_L3
Added Differential Pair: Name=B34_IO_L7
Added Differential Pair: Name=B34_IO_L9
Added Differential Pair: Name=B34_IO_L10
Added Differential Pair: Name=B34_IO_L12
