Removed Pin From Net: NetName=GND Pin=C61-1
Removed Pin From Net: NetName=+3V3 Pin=C61-2
Removed Pin From Net: NetName=PS_NPOR Pin=C62-1
Removed Pin From Net: NetName=GND Pin=C62-2
Removed Pin From Net: NetName=SYS_PG Pin=IC4-2
Removed Pin From Net: NetName=GND Pin=IC4-3
Removed Pin From Net: NetName=PS_NPOR Pin=IC4-4
Removed Pin From Net: NetName=+3V3 Pin=IC4-5
Removed Pin From Net: NetName=PS_NPOR Pin=R40-1
Removed Pin From Net: NetName=+3V3 Pin=R40-2
Removed Member From Class: ClassName=SOCPSBanks Member=C61
Removed Member From Class: ClassName=SOCPSBanks Member=C62
Removed Member From Class: ClassName=SOCPSBanks Member=IC6
Change Component Designator: OldDesignator=C5 NewDesignator=C7
Change Component Designator: OldDesignator=C6 NewDesignator=C8
Change Component Designator: OldDesignator=C7 NewDesignator=C9
Change Component Designator: OldDesignator=C8 NewDesignator=C10
Change Component Designator: OldDesignator=C9 NewDesignator=C11
Change Component Designator: OldDesignator=C10 NewDesignator=C12
Change Component Designator: OldDesignator=C11 NewDesignator=C15
Change Component Designator: OldDesignator=C12 NewDesignator=C16
Change Component Designator: OldDesignator=C13 NewDesignator=C17
Change Component Designator: OldDesignator=C14 NewDesignator=C18
Change Component Designator: OldDesignator=C15 NewDesignator=C19
Change Component Designator: OldDesignator=C16 NewDesignator=C22
Change Component Designator: OldDesignator=C17 NewDesignator=C23
Change Component Designator: OldDesignator=C18 NewDesignator=C24
Change Component Designator: OldDesignator=C19 NewDesignator=C25
Change Component Designator: OldDesignator=C20 NewDesignator=C26
Change Component Designator: OldDesignator=C21 NewDesignator=C27
Change Component Designator: OldDesignator=C22 NewDesignator=C28
Change Component Designator: OldDesignator=C23 NewDesignator=C29
Change Component Designator: OldDesignator=C24 NewDesignator=C30
Change Component Designator: OldDesignator=C25 NewDesignator=C31
Change Component Designator: OldDesignator=C26 NewDesignator=C32
Change Component Designator: OldDesignator=C27 NewDesignator=C33
Change Component Designator: OldDesignator=C28 NewDesignator=C34
Change Component Designator: OldDesignator=C29 NewDesignator=C35
Change Component Designator: OldDesignator=C30 NewDesignator=C36
Change Component Designator: OldDesignator=C31 NewDesignator=C37
Change Component Designator: OldDesignator=C32 NewDesignator=C38
Change Component Designator: OldDesignator=C33 NewDesignator=C39
Change Component Designator: OldDesignator=C34 NewDesignator=C40
Change Component Designator: OldDesignator=C35 NewDesignator=C41
Change Component Designator: OldDesignator=C36 NewDesignator=C42
Change Component Designator: OldDesignator=C37 NewDesignator=C43
Change Component Designator: OldDesignator=C38 NewDesignator=C44
Change Component Designator: OldDesignator=C39 NewDesignator=C45
Change Component Designator: OldDesignator=C40 NewDesignator=C46
Change Component Designator: OldDesignator=C41 NewDesignator=C47
Change Component Designator: OldDesignator=C42 NewDesignator=C48
Change Component Designator: OldDesignator=C43 NewDesignator=C49
Change Component Designator: OldDesignator=C44 NewDesignator=C50
Change Component Designator: OldDesignator=C45 NewDesignator=C51
Change Component Designator: OldDesignator=C46 NewDesignator=C52
Change Component Designator: OldDesignator=C47 NewDesignator=C53
Change Component Designator: OldDesignator=C48 NewDesignator=C54
Change Component Designator: OldDesignator=C49 NewDesignator=C55
Change Component Designator: OldDesignator=C50 NewDesignator=C56
Change Component Designator: OldDesignator=C51 NewDesignator=C57
Change Component Designator: OldDesignator=C52 NewDesignator=C58
Change Component Designator: OldDesignator=C53 NewDesignator=C59
Change Component Designator: OldDesignator=C54 NewDesignator=C60
Change Component Designator: OldDesignator=C55 NewDesignator=C61
Change Component Designator: OldDesignator=C56 NewDesignator=C62
Change Component Designator: OldDesignator=C57 NewDesignator=C63
Change Component Designator: OldDesignator=C58 NewDesignator=C64
Change Component Designator: OldDesignator=C59 NewDesignator=C65
Change Component Designator: OldDesignator=C60 NewDesignator=C66
Change Component Designator: OldDesignator=C63 NewDesignator=C67
Change Component Designator: OldDesignator=C64 NewDesignator=C68
Change Component Designator: OldDesignator=C65 NewDesignator=C69
Change Component Designator: OldDesignator=C66 NewDesignator=C71
Change Component Designator: OldDesignator=C67 NewDesignator=C72
Change Component Designator: OldDesignator=C68 NewDesignator=C73
Change Component Designator: OldDesignator=C69 NewDesignator=C74
Change Component Designator: OldDesignator=C70 NewDesignator=C75
Change Component Designator: OldDesignator=C71 NewDesignator=C76
Change Component Designator: OldDesignator=C72 NewDesignator=C77
Change Component Designator: OldDesignator=C73 NewDesignator=C78
Change Component Designator: OldDesignator=C74 NewDesignator=C79
Change Component Designator: OldDesignator=C75 NewDesignator=C80
Change Component Designator: OldDesignator=C76 NewDesignator=C81
Change Component Designator: OldDesignator=C77 NewDesignator=C82
Change Component Designator: OldDesignator=C78 NewDesignator=C83
Change Component Designator: OldDesignator=C79 NewDesignator=C84
Change Component Designator: OldDesignator=C80 NewDesignator=C85
Change Component Designator: OldDesignator=C81 NewDesignator=C86
Change Component Designator: OldDesignator=C82 NewDesignator=C87
Change Component Designator: OldDesignator=C83 NewDesignator=C88
Change Component Designator: OldDesignator=C84 NewDesignator=C89
Change Component Designator: OldDesignator=C85 NewDesignator=C90
Change Component Designator: OldDesignator=C86 NewDesignator=C91
Change Component Designator: OldDesignator=C87 NewDesignator=C92
Change Component Designator: OldDesignator=C88 NewDesignator=C93
Change Component Designator: OldDesignator=C89 NewDesignator=C94
Change Component Designator: OldDesignator=C90 NewDesignator=C95
Change Component Designator: OldDesignator=C91 NewDesignator=C96
Change Component Designator: OldDesignator=C92 NewDesignator=C97
Change Component Designator: OldDesignator=C93 NewDesignator=C98
Change Component Designator: OldDesignator=C94 NewDesignator=C99
Change Component Designator: OldDesignator=C95 NewDesignator=C100
Change Component Designator: OldDesignator=C96 NewDesignator=C101
Change Component Designator: OldDesignator=C97 NewDesignator=C102
Change Component Designator: OldDesignator=C98 NewDesignator=C103
Change Component Designator: OldDesignator=C99 NewDesignator=C104
Change Component Designator: OldDesignator=C100 NewDesignator=C105
Change Component Designator: OldDesignator=C101 NewDesignator=C106
Change Component Designator: OldDesignator=C102 NewDesignator=C107
Change Component Designator: OldDesignator=C103 NewDesignator=C108
Change Component Designator: OldDesignator=C104 NewDesignator=C109
Change Component Designator: OldDesignator=C105 NewDesignator=C110
Change Component Designator: OldDesignator=C106 NewDesignator=C111
Change Component Designator: OldDesignator=C107 NewDesignator=C112
Change Component Designator: OldDesignator=C108 NewDesignator=C113
Change Component Designator: OldDesignator=C109 NewDesignator=C114
Change Component Designator: OldDesignator=C110 NewDesignator=C115
Change Component Designator: OldDesignator=C111 NewDesignator=C116
Change Component Designator: OldDesignator=C112 NewDesignator=C117
Change Component Designator: OldDesignator=C113 NewDesignator=C118
Change Component Designator: OldDesignator=C114 NewDesignator=C119
Change Component Designator: OldDesignator=C115 NewDesignator=C120
Change Component Designator: OldDesignator=C116 NewDesignator=C121
Change Component Designator: OldDesignator=C117 NewDesignator=C122
Change Component Designator: OldDesignator=C118 NewDesignator=C123
Change Component Designator: OldDesignator=C119 NewDesignator=C124
Change Component Designator: OldDesignator=C120 NewDesignator=C125
Change Component Designator: OldDesignator=C121 NewDesignator=C126
Change Component Designator: OldDesignator=C122 NewDesignator=C127
Change Component Designator: OldDesignator=C123 NewDesignator=C128
Change Component Designator: OldDesignator=C124 NewDesignator=C129
Change Component Designator: OldDesignator=C125 NewDesignator=C130
Change Component Designator: OldDesignator=C126 NewDesignator=C131
Change Component Designator: OldDesignator=C127 NewDesignator=C132
Change Component Designator: OldDesignator=C128 NewDesignator=C133
Change Component Designator: OldDesignator=C129 NewDesignator=C134
Change Component Designator: OldDesignator=C130 NewDesignator=C135
Change Component Designator: OldDesignator=C131 NewDesignator=C136
Change Component Designator: OldDesignator=C132 NewDesignator=C137
Change Component Designator: OldDesignator=C133 NewDesignator=C138
Change Component Designator: OldDesignator=C134 NewDesignator=C139
Change Component Designator: OldDesignator=C135 NewDesignator=C140
Change Component Designator: OldDesignator=C136 NewDesignator=C141
Change Component Designator: OldDesignator=C137 NewDesignator=C142
Change Component Designator: OldDesignator=C138 NewDesignator=C143
Change Component Designator: OldDesignator=C139 NewDesignator=C144
Change Component Designator: OldDesignator=C140 NewDesignator=C145
Change Component Designator: OldDesignator=C141 NewDesignator=C146
Change Component Designator: OldDesignator=C142 NewDesignator=C147
Change Component Designator: OldDesignator=C143 NewDesignator=C148
Change Component Designator: OldDesignator=C144 NewDesignator=C149
Change Component Designator: OldDesignator=FB5 NewDesignator=FB6
Change Component Designator: OldDesignator=FB6 NewDesignator=FB7
Change Component Designator: OldDesignator=FB7 NewDesignator=FB8
Change Component Designator: OldDesignator=FB8 NewDesignator=FB9
Change Component Designator: OldDesignator=IC5 NewDesignator=IC4
Change Component Designator: OldDesignator=IC6 NewDesignator=IC5
Change Component Designator: OldDesignator=IC7 NewDesignator=IC6
Change Component Designator: OldDesignator=IC8 NewDesignator=IC7
Change Component Designator: OldDesignator=IC9 NewDesignator=IC8
Change Component Designator: OldDesignator=R18 NewDesignator=R19
Change Component Designator: OldDesignator=R19 NewDesignator=R18
Change Component Designator: OldDesignator=R41 NewDesignator=R40
Change Component Designator: OldDesignator=R42 NewDesignator=R41
Change Component Designator: OldDesignator=R43 NewDesignator=R42
Change Component Designator: OldDesignator=R44 NewDesignator=R43
Change Component Designator: OldDesignator=R56 NewDesignator=R57
Change Component Designator: OldDesignator=R57 NewDesignator=R58
Change Component Designator: OldDesignator=R58 NewDesignator=R59
Change Component Designator: OldDesignator=R59 NewDesignator=R60
Change Component Designator: OldDesignator=R60 NewDesignator=R61
Change Component Designator: OldDesignator=R61 NewDesignator=R62
Change Component Designator: OldDesignator=R62 NewDesignator=R63
Change Component Designator: OldDesignator=R63 NewDesignator=R64
Change Component Designator: OldDesignator=R64 NewDesignator=R65
Change Component Designator: OldDesignator=R65 NewDesignator=R66
Change Component Designator: OldDesignator=R66 NewDesignator=R67
Change Component Designator: OldDesignator=R67 NewDesignator=R68
Change Component Designator: OldDesignator=R68 NewDesignator=R69
Change Component Designator: OldDesignator=R69 NewDesignator=R70
Change Component Designator: OldDesignator=R70 NewDesignator=R71
Change Component Designator: OldDesignator=R71 NewDesignator=R72
Change Component Designator: OldDesignator=R72 NewDesignator=R73
Change Component Designator: OldDesignator=R73 NewDesignator=R74
Change Component Designator: OldDesignator=R74 NewDesignator=R75
Change Component Designator: OldDesignator=R75 NewDesignator=R76
Change Component Designator: OldDesignator=R76 NewDesignator=R77
Change Component Designator: OldDesignator=R77 NewDesignator=R78
Change Component Designator: OldDesignator=R78 NewDesignator=R79
Change Component Designator: OldDesignator=R79 NewDesignator=R80
Change Component Designator: OldDesignator=R80 NewDesignator=R81
Change Component Designator: OldDesignator=R81 NewDesignator=R82
Change Component Designator: OldDesignator=R82 NewDesignator=R83
Change Component Designator: OldDesignator=R83 NewDesignator=R84
Change Component Designator: OldDesignator=R84 NewDesignator=R85
Change Component Designator: OldDesignator=R85 NewDesignator=R86
Change Component Designator: OldDesignator=R86 NewDesignator=R87
Change Component Designator: OldDesignator=R87 NewDesignator=R88
Change Component Designator: OldDesignator=R88 NewDesignator=R89
Change Component Designator: OldDesignator=R89 NewDesignator=R90
Change Component Designator: OldDesignator=R90 NewDesignator=R91
Change Component Designator: OldDesignator=R91 NewDesignator=R92
Change Component Designator: OldDesignator=R92 NewDesignator=R93
Change Component Designator: OldDesignator=R93 NewDesignator=R94
Change Component Designator: OldDesignator=R94 NewDesignator=R95
Change Component Designator: OldDesignator=R95 NewDesignator=R96
Change Component Designator: OldDesignator=R96 NewDesignator=R97
Change Component Designator: OldDesignator=R97 NewDesignator=R98
Change Component Designator: OldDesignator=R98 NewDesignator=R99
Change Component Designator: OldDesignator=R99 NewDesignator=R100
Change Component Designator: OldDesignator=R100 NewDesignator=R101
Change Component Designator: OldDesignator=R101 NewDesignator=R102
Change Component Designator: OldDesignator=R102 NewDesignator=R103
Change Component Designator: OldDesignator=R103 NewDesignator=R104
Change Component Designator: OldDesignator=R104 NewDesignator=R105
Change Component Designator: OldDesignator=R105 NewDesignator=R106
Change Component Designator: OldDesignator=R106 NewDesignator=R107
Change Component Designator: OldDesignator=R107 NewDesignator=R108
Change Component Designator: OldDesignator=R108 NewDesignator=R109
Change Component Designator: OldDesignator=R109 NewDesignator=R110
Change Component Designator: OldDesignator=R110 NewDesignator=R111
Change Component Designator: OldDesignator=R111 NewDesignator=R112
Change Component Designator: OldDesignator=R112 NewDesignator=R113
Change Component Designator: OldDesignator=R113 NewDesignator=R114
Change Component Designator: OldDesignator=R114 NewDesignator=R115
Change Component Designator: OldDesignator=R115 NewDesignator=R116
Change Component Designator: OldDesignator=R116 NewDesignator=R117
Change Component Designator: OldDesignator=R117 NewDesignator=R118
Change Component Designator: OldDesignator=R118 NewDesignator=R119
Change Component Designator: OldDesignator=R119 NewDesignator=R120
Change Component Designator: OldDesignator=R120 NewDesignator=R121
Change Component Designator: OldDesignator=X2 NewDesignator=X3
Change Component Designator: OldDesignator=X3 NewDesignator=X4
Change Component Designator: OldDesignator=X4 NewDesignator=X5
Added Component: Designator=C5(CAP_0402)
Add component (AddParameter): Name = "Dielectric"; Value = ""; VariantName = "[No Variations]"
Add component (AddParameter): Name = "Distributor Link"; Value = ""; VariantName = "[No Variations]"
Add component (AddParameter): Name = "LCSC"; Value = ""; VariantName = "[No Variations]"
Add component (AddParameter): Name = "Manufacturer"; Value = ""; VariantName = "[No Variations]"
Add component (AddParameter): Name = "Manufacturer Part Number"; Value = ""; VariantName = "[No Variations]"
Add component (AddParameter): Name = "Rating"; Value = ""; VariantName = "[No Variations]"
Added Component: Designator=C6(CAP_0402)
Add component (AddParameter): Name = "Dielectric"; Value = ""; VariantName = "[No Variations]"
Add component (AddParameter): Name = "Distributor Link"; Value = ""; VariantName = "[No Variations]"
Add component (AddParameter): Name = "LCSC"; Value = ""; VariantName = "[No Variations]"
Add component (AddParameter): Name = "Manufacturer"; Value = ""; VariantName = "[No Variations]"
Add component (AddParameter): Name = "Manufacturer Part Number"; Value = ""; VariantName = "[No Variations]"
Add component (AddParameter): Name = "Rating"; Value = ""; VariantName = "[No Variations]"
Added Component: Designator=C13(CAP_0402)
Add component (AddParameter): Name = "Dielectric"; Value = ""; VariantName = "[No Variations]"
Add component (AddParameter): Name = "Distributor Link"; Value = ""; VariantName = "[No Variations]"
Add component (AddParameter): Name = "LCSC"; Value = ""; VariantName = "[No Variations]"
Add component (AddParameter): Name = "Manufacturer"; Value = ""; VariantName = "[No Variations]"
Add component (AddParameter): Name = "Manufacturer Part Number"; Value = ""; VariantName = "[No Variations]"
Add component (AddParameter): Name = "Rating"; Value = ""; VariantName = "[No Variations]"
Added Component: Designator=C14(CAP_0402)
Add component (AddParameter): Name = "Dielectric"; Value = ""; VariantName = "[No Variations]"
Add component (AddParameter): Name = "Distributor Link"; Value = ""; VariantName = "[No Variations]"
Add component (AddParameter): Name = "LCSC"; Value = ""; VariantName = "[No Variations]"
Add component (AddParameter): Name = "Manufacturer"; Value = ""; VariantName = "[No Variations]"
Add component (AddParameter): Name = "Manufacturer Part Number"; Value = ""; VariantName = "[No Variations]"
Add component (AddParameter): Name = "Rating"; Value = ""; VariantName = "[No Variations]"
Added Component: Designator=C20(CAP_0402)
Add component (AddParameter): Name = "Dielectric"; Value = ""; VariantName = "[No Variations]"
Add component (AddParameter): Name = "Distributor Link"; Value = ""; VariantName = "[No Variations]"
Add component (AddParameter): Name = "LCSC"; Value = ""; VariantName = "[No Variations]"
Add component (AddParameter): Name = "Manufacturer"; Value = ""; VariantName = "[No Variations]"
Add component (AddParameter): Name = "Manufacturer Part Number"; Value = ""; VariantName = "[No Variations]"
Add component (AddParameter): Name = "Rating"; Value = ""; VariantName = "[No Variations]"
Added Component: Designator=C21(CAP_0402)
Add component (AddParameter): Name = "Dielectric"; Value = ""; VariantName = "[No Variations]"
Add component (AddParameter): Name = "Distributor Link"; Value = ""; VariantName = "[No Variations]"
Add component (AddParameter): Name = "LCSC"; Value = ""; VariantName = "[No Variations]"
Add component (AddParameter): Name = "Manufacturer"; Value = ""; VariantName = "[No Variations]"
Add component (AddParameter): Name = "Manufacturer Part Number"; Value = ""; VariantName = "[No Variations]"
Add component (AddParameter): Name = "Rating"; Value = ""; VariantName = "[No Variations]"
Added Component: Designator=C70(CAP_0201)
Add component (AddParameter): Name = "Dielectric"; Value = ""; VariantName = "[No Variations]"
Add component (AddParameter): Name = "Distributor Link"; Value = ""; VariantName = "[No Variations]"
Add component (AddParameter): Name = "LCSC"; Value = ""; VariantName = "[No Variations]"
Add component (AddParameter): Name = "Manufacturer"; Value = ""; VariantName = "[No Variations]"
Add component (AddParameter): Name = "Manufacturer Part Number"; Value = ""; VariantName = "[No Variations]"
Add component (AddParameter): Name = "Rating"; Value = ""; VariantName = "[No Variations]"
Added Component: Designator=FB5(IND_0201)
Add component (AddParameter): Name = "Arrow Part Number"; Value = ""; VariantName = "[No Variations]"
Add component (AddParameter): Name = "Arrow Price/Stock"; Value = ""; VariantName = "[No Variations]"
Add component (AddParameter): Name = "Datasheet Link"; Value = "https://psearch.en.murata.com/inductor/product/LQP03HQ56NH02%23.html"; VariantName = "[No Variations]"
Add component (AddParameter): Name = "Height"; Value = "0.42mm"; VariantName = "[No Variations]"
Add component (AddParameter): Name = "Manufacturer_Name"; Value = "Murata Electronics"; VariantName = "[No Variations]"
Add component (AddParameter): Name = "Manufacturer_Part_Number"; Value = "LQP03HQ56NH02D"; VariantName = "[No Variations]"
Add component (AddParameter): Name = "Mouser Part Number"; Value = "81-LQP03HQ56NH02D"; VariantName = "[No Variations]"
Add component (AddParameter): Name = "Mouser Price/Stock"; Value = "https://www.mouser.co.uk/ProductDetail/Murata-Electronics/LQP03HQ56NH02D?qs=B6kkDfuK7%2FBQu1Ob9%2FT2Bg%3D%3D"; VariantName = "[No Variations]"
Added Component: Designator=R44(RES_0402)
Add component (AddParameter): Name = "Distributor Link"; Value = ""; VariantName = "[No Variations]"
Add component (AddParameter): Name = "LCSC"; Value = ""; VariantName = "[No Variations]"
Add component (AddParameter): Name = "Manufacturer"; Value = ""; VariantName = "[No Variations]"
Add component (AddParameter): Name = "Manufacturer Part Number"; Value = ""; VariantName = "[No Variations]"
Added Component: Designator=R56(RES_0201)
Add component (AddParameter): Name = "Distributor Link"; Value = ""; VariantName = "[No Variations]"
Add component (AddParameter): Name = "LCSC"; Value = ""; VariantName = "[No Variations]"
Add component (AddParameter): Name = "Manufacturer"; Value = ""; VariantName = "[No Variations]"
Add component (AddParameter): Name = "Manufacturer Part Number"; Value = ""; VariantName = "[No Variations]"
Added Component: Designator=X2(XTAL_2520)
Add component (AddParameter): Name = "Manufacturer"; Value = "ECS"; VariantName = "[No Variations]"
Add component (AddParameter): Name = "Manufacturer Part Number"; Value = "ECS-2520MV-130-BN-TR"; VariantName = "[No Variations]"
Added Pin To Net: NetName=GND Pin=C5-1
Added Pin To Net: NetName=+5V0 Pin=C5-2
Added Pin To Net: NetName=GND Pin=C6-1
Added Pin To Net: NetName=+5V0 Pin=C6-2
Added Pin To Net: NetName=GND Pin=C13-1
Added Pin To Net: NetName=+5V0 Pin=C13-2
Added Pin To Net: NetName=GND Pin=C14-1
Added Pin To Net: NetName=+1V8 Pin=C14-2
Added Pin To Net: NetName=GND Pin=C20-1
Added Pin To Net: NetName=VTT_PG Pin=C20-2
Added Pin To Net: NetName=GND Pin=C21-1
Added Pin To Net: NetName=+3V3 Pin=C21-2
Added Pin To Net: NetName=GND Pin=C70-2
Added Pin To Net: NetName=+1V8 Pin=FB5-1
Added Pin To Net: NetName=SYS_PG Pin=R44-1
Added Pin To Net: NetName=PS_NPOR Pin=R44-2
Added Pin To Net: NetName=PS_CLK_33M333 Pin=R56-2
Added Pin To Net: NetName=GND Pin=X2-2
Added Pin To Net: NetName=+1V8_PS_CLK Pin=C70-1
Added Pin To Net: NetName=+1V8_PS_CLK Pin=FB5-2
Added Pin To Net: NetName=+1V8_PS_CLK Pin=X2-1
Added Pin To Net: NetName=+1V8_PS_CLK Pin=X2-4
Added Net: Name=+1V8_PS_CLK
Added Pin To Net: NetName=PS_CLK_OUT Pin=R56-1
Added Pin To Net: NetName=PS_CLK_OUT Pin=X2-3
Added Net: Name=PS_CLK_OUT
Added Member To Class: ClassName=SOCPowerSupplys Member=Component C27 100n
Added Member To Class: ClassName=SOCPowerSupplys Member=Component C28 10u
Added Member To Class: ClassName=SOCPowerSupplys Member=Component C29 10u
Added Member To Class: ClassName=SOCPowerSupplys Member=Component C30 10u
Added Member To Class: ClassName=SOCPowerSupplys Member=Component C31 10u
Added Member To Class: ClassName=SOCPowerSupplys Member=Component C32 100n
Added Member To Class: ClassName=SOCPSBanks Member=Component C70 100n
Added Member To Class: ClassName=SOCPSBanks Member=Component FB5 120R @ 100 MHz
Added Member To Class: ClassName=SOCPSBanks Member=Component R64 100k
Added Member To Class: ClassName=SOCPSBanks Member=Component X2 SX2M13.000M20F30TNN
Added Rule: Name=Schematic Supply Nets_20
