Change Component Designator: Old Designator=C63 New Designator=C67
Change Component Designator: Old Designator=C64 New Designator=C68
Change Component Designator: Old Designator=C65 New Designator=C69
Change Component Designator: Old Designator=C66 New Designator=C71
Change Component Designator: Old Designator=C? New Designator=C70
Change Component Designator: Old Designator=FB? New Designator=FB5
Change Component Designator: Old Designator=IC5 New Designator=IC4
Change Component Designator: Old Designator=IC6 New Designator=IC5
Change Component Designator: Old Designator=R41 New Designator=R40
Change Component Designator: Old Designator=R42 New Designator=R41
Change Component Designator: Old Designator=R43 New Designator=R42
Change Component Designator: Old Designator=R44 New Designator=R43
Change Component Designator: Old Designator=R56 New Designator=R57
Change Component Designator: Old Designator=R57 New Designator=R58
Change Component Designator: Old Designator=R58 New Designator=R59
Change Component Designator: Old Designator=R59 New Designator=R60
Change Component Designator: Old Designator=R60 New Designator=R61
Change Component Designator: Old Designator=R61 New Designator=R62
Change Component Designator: Old Designator=R62 New Designator=R63
Change Component Designator: Old Designator=R63 New Designator=R64
Change Component Designator: Old Designator=R? New Designator=R44
Change Component Designator: Old Designator=R? New Designator=R56
Change Component Designator: Old Designator=X? New Designator=X2
