Removed Pin From Net: NetName=PLL_STATUS1_PIN0 Pin=R1-1
Removed Pin From Net: NetName=+1V8_PLL_CLK Pin=R1-2
Removed Pin From Net: NetName=PLL_SCK Pin=R5-1
Removed Pin From Net: NetName=+1V8_PLL_CLK Pin=R5-2
Removed Pin From Net: NetName=PLL_SDI Pin=R7-1
Removed Pin From Net: NetName=SPI_SDI Pin=R7-2
Removed Pin From Net: NetName=PLL_SDO Pin=R8-1
Removed Pin From Net: NetName=SPI_SDO Pin=R8-2
Removed Pin From Net: NetName=PLL_CS Pin=R9-1
Removed Pin From Net: NetName=SPI_CS_PLL Pin=R9-2
Removed Pin From Net: NetName=PLL_SCK Pin=R10-1
Removed Pin From Net: NetName=SPI_SCK Pin=R10-2
Removed Pin From Net: NetName=GND Pin=R12-1
Removed Pin From Net: NetName=PLL_SDI Pin=R12-2
Removed Pin From Net: NetName=GND Pin=R13-1
Removed Pin From Net: NetName=PLL_SDO Pin=R13-2
Removed Pin From Net: NetName=GND Pin=R14-1
Removed Pin From Net: NetName=PLL_CS Pin=R14-2
Removed Member From Class: ClassName=ClockGen Member=R9
Removed Member From Class: ClassName=ClockGen Member=R10
Removed Member From Class: ClassName=ClockGen Member=R11
Removed Member From Class: ClassName=ClockGen Member=R12
Removed Member From Class: ClassName=ClockGen Member=R13
Removed Member From Class: ClassName=ClockGen Member=R14
Removed Member From Class: ClassName=ClockGen Member=R15
Removed Member From Class: ClassName=ClockGen Member=R16
Removed Member From Class: ClassName=ClockGen Member=R17
Change Component Designator: OldDesignator=R2 NewDesignator=R1
Change Component Designator: OldDesignator=R3 NewDesignator=R2
Change Component Designator: OldDesignator=R4 NewDesignator=R3
Change Component Designator: OldDesignator=R6 NewDesignator=R4
Change Component Designator: OldDesignator=R11 NewDesignator=R5
Change Component Designator: OldDesignator=R15 NewDesignator=R6
Change Component Designator: OldDesignator=R16 NewDesignator=R7
Change Component Designator: OldDesignator=R17 NewDesignator=R8
Change Component Designator: OldDesignator=R18 NewDesignator=R9
Change Component Designator: OldDesignator=R19 NewDesignator=R10
Change Component Designator: OldDesignator=R20 NewDesignator=R11
Change Component Designator: OldDesignator=R21 NewDesignator=R12
Change Component Designator: OldDesignator=R22 NewDesignator=R13
Change Component Designator: OldDesignator=R23 NewDesignator=R14
Change Component Designator: OldDesignator=R24 NewDesignator=R15
Change Component Designator: OldDesignator=R25 NewDesignator=R16
Change Component Designator: OldDesignator=R26 NewDesignator=R17
Change Component Designator: OldDesignator=R27 NewDesignator=R18
Change Component Designator: OldDesignator=R28 NewDesignator=R19
Change Component Designator: OldDesignator=R29 NewDesignator=R20
Change Component Designator: OldDesignator=R30 NewDesignator=R21
Change Component Designator: OldDesignator=R31 NewDesignator=R22
Change Component Designator: OldDesignator=R32 NewDesignator=R23
Change Component Designator: OldDesignator=R33 NewDesignator=R24
Change Component Designator: OldDesignator=R34 NewDesignator=R25
Change Component Designator: OldDesignator=R35 NewDesignator=R26
Change Component Designator: OldDesignator=R36 NewDesignator=R27
Change Component Designator: OldDesignator=R37 NewDesignator=R28
Change Component Designator: OldDesignator=R38 NewDesignator=R29
Change Component Designator: OldDesignator=R39 NewDesignator=R30
Change Component Designator: OldDesignator=R40 NewDesignator=R31
Change Component Designator: OldDesignator=R41 NewDesignator=R32
Change Component Designator: OldDesignator=R42 NewDesignator=R33
Change Component Designator: OldDesignator=R43 NewDesignator=R34
Change Component Designator: OldDesignator=R44 NewDesignator=R35
Change Component Designator: OldDesignator=R45 NewDesignator=R36
Change Component Designator: OldDesignator=R46 NewDesignator=R37
Added Member To Class: ClassName=HSADCircuit Member=Component L1 MABA-007159-000000
Added Member To Class: ClassName=HSADCircuit Member=Component L2 MABA-007159-000000
