Added Component: Designator=B1(QFN50P300X300X100-17N-D)
Add component (AddParameter): Name = "Datasheet Link"; Value = "http://www.ti.com/lit/gpn/TLV62095"; VariantName = "[No Variations]"
Add component (AddParameter): Name = "Geometry.Height"; Value = "1mm"; VariantName = "[No Variations]"
Add component (AddParameter): Name = "Manufacturer_Name"; Value = "Texas Instruments"; VariantName = "[No Variations]"
Add component (AddParameter): Name = "Manufacturer_Part_Number"; Value = "TLV62095RGTR"; VariantName = "[No Variations]"
Add component (AddParameter): Name = "Mouser Part Number"; Value = "595-TLV62095RGTR"; VariantName = "[No Variations]"
Add component (AddParameter): Name = "Mouser Price/Stock"; Value = "https://www.mouser.co.uk/ProductDetail/Texas-Instruments/TLV62095RGTR?qs=f4l5qYp%2Fy%252B5FMQoaGbkQ%252Bg%3D%3D"; VariantName = "[No Variations]"
Added Component: Designator=C1(CAP_1210)
Add component (AddParameter): Name = "Dielectric"; Value = ""; VariantName = "[No Variations]"
Add component (AddParameter): Name = "Distributor Link"; Value = ""; VariantName = "[No Variations]"
Add component (AddParameter): Name = "LCSC"; Value = ""; VariantName = "[No Variations]"
Add component (AddParameter): Name = "Manufacturer"; Value = ""; VariantName = "[No Variations]"
Add component (AddParameter): Name = "Manufacturer Part Number"; Value = ""; VariantName = "[No Variations]"
Add component (AddParameter): Name = "Rating"; Value = ""; VariantName = "[No Variations]"
Added Component: Designator=C2(CAP_1210)
Add component (AddParameter): Name = "Dielectric"; Value = ""; VariantName = "[No Variations]"
Add component (AddParameter): Name = "Distributor Link"; Value = ""; VariantName = "[No Variations]"
Add component (AddParameter): Name = "LCSC"; Value = ""; VariantName = "[No Variations]"
Add component (AddParameter): Name = "Manufacturer"; Value = ""; VariantName = "[No Variations]"
Add component (AddParameter): Name = "Manufacturer Part Number"; Value = ""; VariantName = "[No Variations]"
Add component (AddParameter): Name = "Rating"; Value = ""; VariantName = "[No Variations]"
Added Component: Designator=C3(CAP_0402)
Add component (AddParameter): Name = "Dielectric"; Value = ""; VariantName = "[No Variations]"
Add component (AddParameter): Name = "Distributor Link"; Value = ""; VariantName = "[No Variations]"
Add component (AddParameter): Name = "LCSC"; Value = ""; VariantName = "[No Variations]"
Add component (AddParameter): Name = "Manufacturer"; Value = ""; VariantName = "[No Variations]"
Add component (AddParameter): Name = "Manufacturer Part Number"; Value = ""; VariantName = "[No Variations]"
Add component (AddParameter): Name = "Rating"; Value = ""; VariantName = "[No Variations]"
Added Component: Designator=C4(CAP_0402)
Add component (AddParameter): Name = "Dielectric"; Value = ""; VariantName = "[No Variations]"
Add component (AddParameter): Name = "Distributor Link"; Value = ""; VariantName = "[No Variations]"
Add component (AddParameter): Name = "LCSC"; Value = ""; VariantName = "[No Variations]"
Add component (AddParameter): Name = "Manufacturer"; Value = ""; VariantName = "[No Variations]"
Add component (AddParameter): Name = "Manufacturer Part Number"; Value = ""; VariantName = "[No Variations]"
Add component (AddParameter): Name = "Rating"; Value = ""; VariantName = "[No Variations]"
Added Component: Designator=C5(CAP_1210)
Add component (AddParameter): Name = "Dielectric"; Value = ""; VariantName = "[No Variations]"
Add component (AddParameter): Name = "Distributor Link"; Value = ""; VariantName = "[No Variations]"
Add component (AddParameter): Name = "LCSC"; Value = ""; VariantName = "[No Variations]"
Add component (AddParameter): Name = "Manufacturer"; Value = ""; VariantName = "[No Variations]"
Add component (AddParameter): Name = "Manufacturer Part Number"; Value = ""; VariantName = "[No Variations]"
Add component (AddParameter): Name = "Rating"; Value = ""; VariantName = "[No Variations]"
Added Component: Designator=C6(CAP_1210)
Add component (AddParameter): Name = "Dielectric"; Value = ""; VariantName = "[No Variations]"
Add component (AddParameter): Name = "Distributor Link"; Value = ""; VariantName = "[No Variations]"
Add component (AddParameter): Name = "LCSC"; Value = ""; VariantName = "[No Variations]"
Add component (AddParameter): Name = "Manufacturer"; Value = ""; VariantName = "[No Variations]"
Add component (AddParameter): Name = "Manufacturer Part Number"; Value = ""; VariantName = "[No Variations]"
Add component (AddParameter): Name = "Rating"; Value = ""; VariantName = "[No Variations]"
Added Component: Designator=C7(CAP_0402)
Add component (AddParameter): Name = "Dielectric"; Value = ""; VariantName = "[No Variations]"
Add component (AddParameter): Name = "Distributor Link"; Value = ""; VariantName = "[No Variations]"
Add component (AddParameter): Name = "LCSC"; Value = ""; VariantName = "[No Variations]"
Add component (AddParameter): Name = "Manufacturer"; Value = ""; VariantName = "[No Variations]"
Add component (AddParameter): Name = "Manufacturer Part Number"; Value = ""; VariantName = "[No Variations]"
Add component (AddParameter): Name = "Rating"; Value = ""; VariantName = "[No Variations]"
Added Component: Designator=C8(CAP_1210)
Add component (AddParameter): Name = "Dielectric"; Value = ""; VariantName = "[No Variations]"
Add component (AddParameter): Name = "Distributor Link"; Value = ""; VariantName = "[No Variations]"
Add component (AddParameter): Name = "LCSC"; Value = ""; VariantName = "[No Variations]"
Add component (AddParameter): Name = "Manufacturer"; Value = ""; VariantName = "[No Variations]"
Add component (AddParameter): Name = "Manufacturer Part Number"; Value = ""; VariantName = "[No Variations]"
Add component (AddParameter): Name = "Rating"; Value = ""; VariantName = "[No Variations]"
Added Component: Designator=C9(CAP_1210)
Add component (AddParameter): Name = "Dielectric"; Value = ""; VariantName = "[No Variations]"
Add component (AddParameter): Name = "Distributor Link"; Value = ""; VariantName = "[No Variations]"
Add component (AddParameter): Name = "LCSC"; Value = ""; VariantName = "[No Variations]"
Add component (AddParameter): Name = "Manufacturer"; Value = ""; VariantName = "[No Variations]"
Add component (AddParameter): Name = "Manufacturer Part Number"; Value = ""; VariantName = "[No Variations]"
Add component (AddParameter): Name = "Rating"; Value = ""; VariantName = "[No Variations]"
Added Component: Designator=C10(CAP_1210)
Add component (AddParameter): Name = "Dielectric"; Value = ""; VariantName = "[No Variations]"
Add component (AddParameter): Name = "Distributor Link"; Value = ""; VariantName = "[No Variations]"
Add component (AddParameter): Name = "LCSC"; Value = ""; VariantName = "[No Variations]"
Add component (AddParameter): Name = "Manufacturer"; Value = ""; VariantName = "[No Variations]"
Add component (AddParameter): Name = "Manufacturer Part Number"; Value = ""; VariantName = "[No Variations]"
Add component (AddParameter): Name = "Rating"; Value = ""; VariantName = "[No Variations]"
Added Component: Designator=C11(CAP_1210)
Add component (AddParameter): Name = "Dielectric"; Value = ""; VariantName = "[No Variations]"
Add component (AddParameter): Name = "Distributor Link"; Value = ""; VariantName = "[No Variations]"
Add component (AddParameter): Name = "LCSC"; Value = ""; VariantName = "[No Variations]"
Add component (AddParameter): Name = "Manufacturer"; Value = ""; VariantName = "[No Variations]"
Add component (AddParameter): Name = "Manufacturer Part Number"; Value = ""; VariantName = "[No Variations]"
Add component (AddParameter): Name = "Rating"; Value = ""; VariantName = "[No Variations]"
Added Component: Designator=C12(CAP_0402)
Add component (AddParameter): Name = "Dielectric"; Value = ""; VariantName = "[No Variations]"
Add component (AddParameter): Name = "Distributor Link"; Value = ""; VariantName = "[No Variations]"
Add component (AddParameter): Name = "LCSC"; Value = ""; VariantName = "[No Variations]"
Add component (AddParameter): Name = "Manufacturer"; Value = ""; VariantName = "[No Variations]"
Add component (AddParameter): Name = "Manufacturer Part Number"; Value = ""; VariantName = "[No Variations]"
Add component (AddParameter): Name = "Rating"; Value = ""; VariantName = "[No Variations]"
Added Component: Designator=C13(CAP_0603)
Add component (AddParameter): Name = "Dielectric"; Value = ""; VariantName = "[No Variations]"
Add component (AddParameter): Name = "Distributor Link"; Value = ""; VariantName = "[No Variations]"
Add component (AddParameter): Name = "LCSC"; Value = ""; VariantName = "[No Variations]"
Add component (AddParameter): Name = "Manufacturer"; Value = ""; VariantName = "[No Variations]"
Add component (AddParameter): Name = "Manufacturer Part Number"; Value = ""; VariantName = "[No Variations]"
Add component (AddParameter): Name = "Rating"; Value = ""; VariantName = "[No Variations]"
Added Component: Designator=C14(CAP_0603)
Add component (AddParameter): Name = "Dielectric"; Value = ""; VariantName = "[No Variations]"
Add component (AddParameter): Name = "Distributor Link"; Value = ""; VariantName = "[No Variations]"
Add component (AddParameter): Name = "LCSC"; Value = ""; VariantName = "[No Variations]"
Add component (AddParameter): Name = "Manufacturer"; Value = ""; VariantName = "[No Variations]"
Add component (AddParameter): Name = "Manufacturer Part Number"; Value = ""; VariantName = "[No Variations]"
Add component (AddParameter): Name = "Rating"; Value = ""; VariantName = "[No Variations]"
Added Component: Designator=C15(CAP_0402)
Add component (AddParameter): Name = "Dielectric"; Value = ""; VariantName = "[No Variations]"
Add component (AddParameter): Name = "Distributor Link"; Value = ""; VariantName = "[No Variations]"
Add component (AddParameter): Name = "LCSC"; Value = ""; VariantName = "[No Variations]"
Add component (AddParameter): Name = "Manufacturer"; Value = ""; VariantName = "[No Variations]"
Add component (AddParameter): Name = "Manufacturer Part Number"; Value = ""; VariantName = "[No Variations]"
Add component (AddParameter): Name = "Rating"; Value = ""; VariantName = "[No Variations]"
Added Component: Designator=C16(CAP_0603)
Add component (AddParameter): Name = "Dielectric"; Value = ""; VariantName = "[No Variations]"
Add component (AddParameter): Name = "Distributor Link"; Value = ""; VariantName = "[No Variations]"
Add component (AddParameter): Name = "LCSC"; Value = ""; VariantName = "[No Variations]"
Add component (AddParameter): Name = "Manufacturer"; Value = ""; VariantName = "[No Variations]"
Add component (AddParameter): Name = "Manufacturer Part Number"; Value = ""; VariantName = "[No Variations]"
Add component (AddParameter): Name = "Rating"; Value = ""; VariantName = "[No Variations]"
Added Component: Designator=C17(CAP_0603)
Add component (AddParameter): Name = "Dielectric"; Value = ""; VariantName = "[No Variations]"
Add component (AddParameter): Name = "Distributor Link"; Value = ""; VariantName = "[No Variations]"
Add component (AddParameter): Name = "LCSC"; Value = ""; VariantName = "[No Variations]"
Add component (AddParameter): Name = "Manufacturer"; Value = ""; VariantName = "[No Variations]"
Add component (AddParameter): Name = "Manufacturer Part Number"; Value = ""; VariantName = "[No Variations]"
Add component (AddParameter): Name = "Rating"; Value = ""; VariantName = "[No Variations]"
Added Component: Designator=D1(LED_0603_GREEN)
Added Component: Designator=D2(LED_0603_GREEN)
Added Component: Designator=D3(LED_0603_GREEN)
Added Component: Designator=D4(PMEG1030EJ115)
Add component (AddParameter): Name = "Arrow Part Number"; Value = "PMEG1030EJ,115"; VariantName = "[No Variations]"
Add component (AddParameter): Name = "Arrow Price/Stock"; Value = "https://www.arrow.com/en/products/pmeg1030ej115/nexperia?utm_currency=USD&region=nac"; VariantName = "[No Variations]"
Add component (AddParameter): Name = "Datasheet Link"; Value = "https://assets.nexperia.com/documents/data-sheet/PMEG1030EH_EJ.pdf"; VariantName = "[No Variations]"
Add component (AddParameter): Name = "Height"; Value = "0.8mm"; VariantName = "[No Variations]"
Add component (AddParameter): Name = "Manufacturer_Name"; Value = "Nexperia"; VariantName = "[No Variations]"
Add component (AddParameter): Name = "Manufacturer_Part_Number"; Value = "PMEG1030EJ,115"; VariantName = "[No Variations]"
Add component (AddParameter): Name = "Mouser Part Number"; Value = "771-PMEG1030EJ-T/R"; VariantName = "[No Variations]"
Add component (AddParameter): Name = "Mouser Price/Stock"; Value = "https://www.mouser.co.uk/ProductDetail/Nexperia/PMEG1030EJ115?qs=LOCUfHb8d9vmk7P%2FuYbs5A%3D%3D"; VariantName = "[No Variations]"
Added Component: Designator=D5(LED_0603_GREEN)
Added Component: Designator=FB1(FB_0603)
Add component (AddParameter): Name = "Distributor Link"; Value = ""; VariantName = "[No Variations]"
Add component (AddParameter): Name = "LCSC"; Value = ""; VariantName = "[No Variations]"
Add component (AddParameter): Name = "Manufacturer"; Value = ""; VariantName = "[No Variations]"
Add component (AddParameter): Name = "Manufacturer Part Number"; Value = ""; VariantName = "[No Variations]"
Added Component: Designator=J1(694106301002_1)
Add component (AddParameter): Name = "Arrow Part Number"; Value = ""; VariantName = "[No Variations]"
Add component (AddParameter): Name = "Arrow Price/Stock"; Value = ""; VariantName = "[No Variations]"
Add component (AddParameter): Name = "Datasheet Link"; Value = "https://datasheet.datasheetarchive.com/originals/distributors/Datasheets_SAMA/1c153bd2ba42bb51bda59ee4cd9765cd.pdf"; VariantName = "[No Variations]"
Add component (AddParameter): Name = "Manufacturer_Name"; Value = "Wurth Elektronik"; VariantName = "[No Variations]"
Add component (AddParameter): Name = "Manufacturer_Part_Number"; Value = "694106301002"; VariantName = "[No Variations]"
Add component (AddParameter): Name = "Mouser Part Number"; Value = "710-694106301002"; VariantName = "[No Variations]"
Add component (AddParameter): Name = "Mouser Price/Stock"; Value = "https://www.mouser.co.uk/ProductDetail/Wurth-Elektronik/694106301002?qs=a9WhcLg8qCwOEkcI62k5mA%3D%3D"; VariantName = "[No Variations]"
Added Component: Designator=J2(714390164)
Add component (AddParameter): Name = "Arrow Part Number"; Value = ""; VariantName = "[No Variations]"
Add component (AddParameter): Name = "Arrow Price/Stock"; Value = ""; VariantName = "[No Variations]"
Add component (AddParameter): Name = "Datasheet Link"; Value = "https://componentsearchengine.com/Datasheets/1/71439-0164.pdf"; VariantName = "[No Variations]"
Add component (AddParameter): Name = "Height"; Value = "5.3mm"; VariantName = "[No Variations]"
Add component (AddParameter): Name = "Manufacturer_Name"; Value = "Molex"; VariantName = "[No Variations]"
Add component (AddParameter): Name = "Manufacturer_Part_Number"; Value = "71439-0164"; VariantName = "[No Variations]"
Add component (AddParameter): Name = "Mouser Part Number"; Value = "538-71439-0164"; VariantName = "[No Variations]"
Add component (AddParameter): Name = "Mouser Price/Stock"; Value = "https://www.mouser.co.uk/ProductDetail/Molex/71439-0164?qs=X1mjqRbeMc7uGUsAO8ttVw%3D%3D"; VariantName = "[No Variations]"
Added Component: Designator=J3(714390164)
Add component (AddParameter): Name = "Arrow Part Number"; Value = ""; VariantName = "[No Variations]"
Add component (AddParameter): Name = "Arrow Price/Stock"; Value = ""; VariantName = "[No Variations]"
Add component (AddParameter): Name = "Datasheet Link"; Value = "https://componentsearchengine.com/Datasheets/1/71439-0164.pdf"; VariantName = "[No Variations]"
Add component (AddParameter): Name = "Height"; Value = "5.3mm"; VariantName = "[No Variations]"
Add component (AddParameter): Name = "Manufacturer_Name"; Value = "Molex"; VariantName = "[No Variations]"
Add component (AddParameter): Name = "Manufacturer_Part_Number"; Value = "71439-0164"; VariantName = "[No Variations]"
Add component (AddParameter): Name = "Mouser Part Number"; Value = "538-71439-0164"; VariantName = "[No Variations]"
Add component (AddParameter): Name = "Mouser Price/Stock"; Value = "https://www.mouser.co.uk/ProductDetail/Molex/71439-0164?qs=X1mjqRbeMc7uGUsAO8ttVw%3D%3D"; VariantName = "[No Variations]"
Added Component: Designator=J4(714390164)
Add component (AddParameter): Name = "Arrow Part Number"; Value = ""; VariantName = "[No Variations]"
Add component (AddParameter): Name = "Arrow Price/Stock"; Value = ""; VariantName = "[No Variations]"
Add component (AddParameter): Name = "Datasheet Link"; Value = "https://componentsearchengine.com/Datasheets/1/71439-0164.pdf"; VariantName = "[No Variations]"
Add component (AddParameter): Name = "Height"; Value = "5.3mm"; VariantName = "[No Variations]"
Add component (AddParameter): Name = "Manufacturer_Name"; Value = "Molex"; VariantName = "[No Variations]"
Add component (AddParameter): Name = "Manufacturer_Part_Number"; Value = "71439-0164"; VariantName = "[No Variations]"
Add component (AddParameter): Name = "Mouser Part Number"; Value = "538-71439-0164"; VariantName = "[No Variations]"
Add component (AddParameter): Name = "Mouser Price/Stock"; Value = "https://www.mouser.co.uk/ProductDetail/Molex/71439-0164?qs=X1mjqRbeMc7uGUsAO8ttVw%3D%3D"; VariantName = "[No Variations]"
Added Component: Designator=J5(714390164)
Add component (AddParameter): Name = "Arrow Part Number"; Value = ""; VariantName = "[No Variations]"
Add component (AddParameter): Name = "Arrow Price/Stock"; Value = ""; VariantName = "[No Variations]"
Add component (AddParameter): Name = "Datasheet Link"; Value = "https://componentsearchengine.com/Datasheets/1/71439-0164.pdf"; VariantName = "[No Variations]"
Add component (AddParameter): Name = "Height"; Value = "5.3mm"; VariantName = "[No Variations]"
Add component (AddParameter): Name = "Manufacturer_Name"; Value = "Molex"; VariantName = "[No Variations]"
Add component (AddParameter): Name = "Manufacturer_Part_Number"; Value = "71439-0164"; VariantName = "[No Variations]"
Add component (AddParameter): Name = "Mouser Part Number"; Value = "538-71439-0164"; VariantName = "[No Variations]"
Add component (AddParameter): Name = "Mouser Price/Stock"; Value = "https://www.mouser.co.uk/ProductDetail/Molex/71439-0164?qs=X1mjqRbeMc7uGUsAO8ttVw%3D%3D"; VariantName = "[No Variations]"
Added Component: Designator=J6(14Pin-TH)
Add component (AddParameter): Name = "Arrow Part Number"; Value = ""; VariantName = "[No Variations]"
Add component (AddParameter): Name = "Arrow Price/Stock"; Value = ""; VariantName = "[No Variations]"
Add component (AddParameter): Name = "Datasheet Link"; Value = "http://uk.rs-online.com/web/p/products/6701077"; VariantName = "[No Variations]"
Add component (AddParameter): Name = "Height"; Value = "7.6mm"; VariantName = "[No Variations]"
Add component (AddParameter): Name = "Manufacturer_Name"; Value = "Molex"; VariantName = "[No Variations]"
Add component (AddParameter): Name = "Manufacturer_Part_Number"; Value = "87832-1416"; VariantName = "[No Variations]"
Add component (AddParameter): Name = "Mouser Part Number"; Value = "538-87832-1416"; VariantName = "[No Variations]"
Add component (AddParameter): Name = "Mouser Price/Stock"; Value = "https://www.mouser.co.uk/ProductDetail/Molex/87832-1416?qs=kNSQ05%252BLZoDeXuSWsnDgxQ%3D%3D"; VariantName = "[No Variations]"
Added Component: Designator=J7(878321416)
Add component (AddParameter): Name = "Arrow Part Number"; Value = ""; VariantName = "[No Variations]"
Add component (AddParameter): Name = "Arrow Price/Stock"; Value = ""; VariantName = "[No Variations]"
Add component (AddParameter): Name = "Datasheet Link"; Value = "http://uk.rs-online.com/web/p/products/6701077"; VariantName = "[No Variations]"
Add component (AddParameter): Name = "Height"; Value = "7.6mm"; VariantName = "[No Variations]"
Add component (AddParameter): Name = "Manufacturer_Name"; Value = "Molex"; VariantName = "[No Variations]"
Add component (AddParameter): Name = "Manufacturer_Part_Number"; Value = "87832-1416"; VariantName = "[No Variations]"
Add component (AddParameter): Name = "Mouser Part Number"; Value = "538-87832-1416"; VariantName = "[No Variations]"
Add component (AddParameter): Name = "Mouser Price/Stock"; Value = "https://www.mouser.co.uk/ProductDetail/Molex/87832-1416?qs=kNSQ05%252BLZoDeXuSWsnDgxQ%3D%3D"; VariantName = "[No Variations]"
Added Component: Designator=J8(HR911130A)
Add component (AddParameter): Name = "Manufacturer"; Value = "Hanrun"; VariantName = "[No Variations]"
Add component (AddParameter): Name = "Manufacturer Part Number"; Value = "HR911130A"; VariantName = "[No Variations]"
Added Component: Designator=J9(GSB1C41110SSHR)
Add component (AddParameter): Name = "Arrow Part Number"; Value = ""; VariantName = "[No Variations]"
Add component (AddParameter): Name = "Arrow Price/Stock"; Value = ""; VariantName = "[No Variations]"
Add component (AddParameter): Name = "Datasheet Link"; Value = "https://cdn.amphenol-cs.com/media/wysiwyg/files/drawing/gsb1c41x10sshr-ax1.pdf"; VariantName = "[No Variations]"
Add component (AddParameter): Name = "Height"; Value = "3.41mm"; VariantName = "[No Variations]"
Add component (AddParameter): Name = "Manufacturer_Name"; Value = "Amphenol Communications Solutions"; VariantName = "[No Variations]"
Add component (AddParameter): Name = "Manufacturer_Part_Number"; Value = "GSB1C41110SSHR"; VariantName = "[No Variations]"
Add component (AddParameter): Name = "Mouser Part Number"; Value = ""; VariantName = "[No Variations]"
Add component (AddParameter): Name = "Mouser Price/Stock"; Value = ""; VariantName = "[No Variations]"
Added Component: Designator=L1(VLS3012)
Add component (AddParameter): Name = "Arrow Part Number"; Value = "VLS3012HBX-1R0M"; VariantName = "[No Variations]"
Add component (AddParameter): Name = "Arrow Price/Stock"; Value = "https://www.arrow.com/en/products/vls3012hbx-1r0m/tdk?region=nac"; VariantName = "[No Variations]"
Add component (AddParameter): Name = "Datasheet Link"; Value = "https://product.tdk.com/system/files/dam/doc/product/inductor/inductor/smd/catalog/inductor_commercial_power_vls3012hbx_en.pdf"; VariantName = "[No Variations]"
Add component (AddParameter): Name = "Manufacturer_Name"; Value = "TDK"; VariantName = "[No Variations]"
Add component (AddParameter): Name = "Manufacturer_Part_Number"; Value = "VLS3012HBX-1R0M"; VariantName = "[No Variations]"
Add component (AddParameter): Name = "Mouser Part Number"; Value = "810-VLS3012HBX-1R0M"; VariantName = "[No Variations]"
Add component (AddParameter): Name = "Mouser Price/Stock"; Value = "https://www.mouser.co.uk/ProductDetail/TDK/VLS3012HBX-1R0M?qs=pfd5qewlna4O71VRfcrI8g%3D%3D"; VariantName = "[No Variations]"
Added Component: Designator=L2(DLW21SN121HQ2L)
Add component (AddParameter): Name = "Arrow Part Number"; Value = "DLW21SN900SQ2L"; VariantName = "[No Variations]"
Add component (AddParameter): Name = "Arrow Price/Stock"; Value = "https://www.arrow.com/en/products/dlw21sn900sq2l/murata-manufacturing?region=europe"; VariantName = "[No Variations]"
Add component (AddParameter): Name = "Datasheet Link"; Value = "https://datasheet.datasheetarchive.com/originals/distributors/Datasheets_SAMA/ece8820704b5ec0ab68e5b2fda1b5649.pdf"; VariantName = "[No Variations]"
Add component (AddParameter): Name = "Height"; Value = "1.4mm"; VariantName = "[No Variations]"
Add component (AddParameter): Name = "Manufacturer_Name"; Value = "Murata Electronics"; VariantName = "[No Variations]"
Add component (AddParameter): Name = "Manufacturer_Part_Number"; Value = "DLW21SN900SQ2L"; VariantName = "[No Variations]"
Add component (AddParameter): Name = "Mouser Part Number"; Value = "81-DLW21SN900SQ2L"; VariantName = "[No Variations]"
Add component (AddParameter): Name = "Mouser Price/Stock"; Value = "https://www.mouser.co.uk/ProductDetail/Murata-Electronics/DLW21SN900SQ2L?qs=yQ3nQrcaeVsNzdZbwxOhwQ%3D%3D"; VariantName = "[No Variations]"
Added Component: Designator=Q1(TBAT54CLM)
Add component (AddParameter): Name = "Arrow Part Number"; Value = "T2N7002AK,LM"; VariantName = "[No Variations]"
Add component (AddParameter): Name = "Arrow Price/Stock"; Value = "https://www.arrow.com/en/products/t2n7002aklm/toshiba?region=nac"; VariantName = "[No Variations]"
Add component (AddParameter): Name = "Datasheet Link"; Value = "http://toshiba.semicon-storage.com/info/docget.jsp?did=29712&prodName=T2N7002AK"; VariantName = "[No Variations]"
Add component (AddParameter): Name = "Height"; Value = "1.1mm"; VariantName = "[No Variations]"
Add component (AddParameter): Name = "Manufacturer_Name"; Value = "Toshiba"; VariantName = "[No Variations]"
Add component (AddParameter): Name = "Manufacturer_Part_Number"; Value = "T2N7002AK,LM"; VariantName = "[No Variations]"
Add component (AddParameter): Name = "Mouser Part Number"; Value = "757-T2N7002AKLM"; VariantName = "[No Variations]"
Add component (AddParameter): Name = "Mouser Price/Stock"; Value = "https://www.mouser.co.uk/ProductDetail/Toshiba/T2N7002AKLM?qs=pzVvXTvk9PzfX4hYglwZ9Q%3D%3D"; VariantName = "[No Variations]"
Added Component: Designator=Q2(TBAT54CLM)
Add component (AddParameter): Name = "Arrow Part Number"; Value = "T2N7002AK,LM"; VariantName = "[No Variations]"
Add component (AddParameter): Name = "Arrow Price/Stock"; Value = "https://www.arrow.com/en/products/t2n7002aklm/toshiba?region=nac"; VariantName = "[No Variations]"
Add component (AddParameter): Name = "Datasheet Link"; Value = "http://toshiba.semicon-storage.com/info/docget.jsp?did=29712&prodName=T2N7002AK"; VariantName = "[No Variations]"
Add component (AddParameter): Name = "Height"; Value = "1.1mm"; VariantName = "[No Variations]"
Add component (AddParameter): Name = "Manufacturer_Name"; Value = "Toshiba"; VariantName = "[No Variations]"
Add component (AddParameter): Name = "Manufacturer_Part_Number"; Value = "T2N7002AK,LM"; VariantName = "[No Variations]"
Add component (AddParameter): Name = "Mouser Part Number"; Value = "757-T2N7002AKLM"; VariantName = "[No Variations]"
Add component (AddParameter): Name = "Mouser Price/Stock"; Value = "https://www.mouser.co.uk/ProductDetail/Toshiba/T2N7002AKLM?qs=pzVvXTvk9PzfX4hYglwZ9Q%3D%3D"; VariantName = "[No Variations]"
Added Component: Designator=Q3(TBAT54CLM)
Add component (AddParameter): Name = "Arrow Part Number"; Value = "T2N7002AK,LM"; VariantName = "[No Variations]"
Add component (AddParameter): Name = "Arrow Price/Stock"; Value = "https://www.arrow.com/en/products/t2n7002aklm/toshiba?region=nac"; VariantName = "[No Variations]"
Add component (AddParameter): Name = "Datasheet Link"; Value = "http://toshiba.semicon-storage.com/info/docget.jsp?did=29712&prodName=T2N7002AK"; VariantName = "[No Variations]"
Add component (AddParameter): Name = "Height"; Value = "1.1mm"; VariantName = "[No Variations]"
Add component (AddParameter): Name = "Manufacturer_Name"; Value = "Toshiba"; VariantName = "[No Variations]"
Add component (AddParameter): Name = "Manufacturer_Part_Number"; Value = "T2N7002AK,LM"; VariantName = "[No Variations]"
Add component (AddParameter): Name = "Mouser Part Number"; Value = "757-T2N7002AKLM"; VariantName = "[No Variations]"
Add component (AddParameter): Name = "Mouser Price/Stock"; Value = "https://www.mouser.co.uk/ProductDetail/Toshiba/T2N7002AKLM?qs=pzVvXTvk9PzfX4hYglwZ9Q%3D%3D"; VariantName = "[No Variations]"
Added Component: Designator=Q4(TBAT54CLM)
Add component (AddParameter): Name = "Arrow Part Number"; Value = "T2N7002AK,LM"; VariantName = "[No Variations]"
Add component (AddParameter): Name = "Arrow Price/Stock"; Value = "https://www.arrow.com/en/products/t2n7002aklm/toshiba?region=nac"; VariantName = "[No Variations]"
Add component (AddParameter): Name = "Datasheet Link"; Value = "http://toshiba.semicon-storage.com/info/docget.jsp?did=29712&prodName=T2N7002AK"; VariantName = "[No Variations]"
Add component (AddParameter): Name = "Height"; Value = "1.1mm"; VariantName = "[No Variations]"
Add component (AddParameter): Name = "Manufacturer_Name"; Value = "Toshiba"; VariantName = "[No Variations]"
Add component (AddParameter): Name = "Manufacturer_Part_Number"; Value = "T2N7002AK,LM"; VariantName = "[No Variations]"
Add component (AddParameter): Name = "Mouser Part Number"; Value = "757-T2N7002AKLM"; VariantName = "[No Variations]"
Add component (AddParameter): Name = "Mouser Price/Stock"; Value = "https://www.mouser.co.uk/ProductDetail/Toshiba/T2N7002AKLM?qs=pzVvXTvk9PzfX4hYglwZ9Q%3D%3D"; VariantName = "[No Variations]"
Added Component: Designator=R1(RES_0603)
Add component (AddParameter): Name = "Distributor Link"; Value = ""; VariantName = "[No Variations]"
Add component (AddParameter): Name = "LCSC"; Value = ""; VariantName = "[No Variations]"
Add component (AddParameter): Name = "Manufacturer"; Value = ""; VariantName = "[No Variations]"
Add component (AddParameter): Name = "Manufacturer Part Number"; Value = ""; VariantName = "[No Variations]"
Added Component: Designator=R2(RES_0603)
Add component (AddParameter): Name = "Distributor Link"; Value = ""; VariantName = "[No Variations]"
Add component (AddParameter): Name = "LCSC"; Value = ""; VariantName = "[No Variations]"
Add component (AddParameter): Name = "Manufacturer"; Value = ""; VariantName = "[No Variations]"
Add component (AddParameter): Name = "Manufacturer Part Number"; Value = ""; VariantName = "[No Variations]"
Added Component: Designator=R3(RES_0402)
Add component (AddParameter): Name = "Distributor Link"; Value = ""; VariantName = "[No Variations]"
Add component (AddParameter): Name = "LCSC"; Value = ""; VariantName = "[No Variations]"
Add component (AddParameter): Name = "Manufacturer"; Value = ""; VariantName = "[No Variations]"
Add component (AddParameter): Name = "Manufacturer Part Number"; Value = ""; VariantName = "[No Variations]"
Added Component: Designator=R4(RES_0603)
Add component (AddParameter): Name = "Distributor Link"; Value = ""; VariantName = "[No Variations]"
Add component (AddParameter): Name = "LCSC"; Value = ""; VariantName = "[No Variations]"
Add component (AddParameter): Name = "Manufacturer"; Value = ""; VariantName = "[No Variations]"
Add component (AddParameter): Name = "Manufacturer Part Number"; Value = ""; VariantName = "[No Variations]"
Added Component: Designator=R5(RES_0603)
Add component (AddParameter): Name = "Distributor Link"; Value = ""; VariantName = "[No Variations]"
Add component (AddParameter): Name = "LCSC"; Value = ""; VariantName = "[No Variations]"
Add component (AddParameter): Name = "Manufacturer"; Value = ""; VariantName = "[No Variations]"
Add component (AddParameter): Name = "Manufacturer Part Number"; Value = ""; VariantName = "[No Variations]"
Added Component: Designator=R6(RES_0402)
Add component (AddParameter): Name = "Distributor Link"; Value = ""; VariantName = "[No Variations]"
Add component (AddParameter): Name = "LCSC"; Value = ""; VariantName = "[No Variations]"
Add component (AddParameter): Name = "Manufacturer"; Value = ""; VariantName = "[No Variations]"
Add component (AddParameter): Name = "Manufacturer Part Number"; Value = ""; VariantName = "[No Variations]"
Added Component: Designator=R7(RES_0402)
Add component (AddParameter): Name = "Distributor Link"; Value = ""; VariantName = "[No Variations]"
Add component (AddParameter): Name = "LCSC"; Value = ""; VariantName = "[No Variations]"
Add component (AddParameter): Name = "Manufacturer"; Value = ""; VariantName = "[No Variations]"
Add component (AddParameter): Name = "Manufacturer Part Number"; Value = ""; VariantName = "[No Variations]"
Added Component: Designator=R8(RES_0402)
Add component (AddParameter): Name = "Distributor Link"; Value = ""; VariantName = "[No Variations]"
Add component (AddParameter): Name = "LCSC"; Value = ""; VariantName = "[No Variations]"
Add component (AddParameter): Name = "Manufacturer"; Value = ""; VariantName = "[No Variations]"
Add component (AddParameter): Name = "Manufacturer Part Number"; Value = ""; VariantName = "[No Variations]"
Added Component: Designator=R9(RES_0402)
Add component (AddParameter): Name = "Distributor Link"; Value = ""; VariantName = "[No Variations]"
Add component (AddParameter): Name = "LCSC"; Value = ""; VariantName = "[No Variations]"
Add component (AddParameter): Name = "Manufacturer"; Value = ""; VariantName = "[No Variations]"
Add component (AddParameter): Name = "Manufacturer Part Number"; Value = ""; VariantName = "[No Variations]"
Added Component: Designator=R10(RES_0402)
Add component (AddParameter): Name = "Distributor Link"; Value = ""; VariantName = "[No Variations]"
Add component (AddParameter): Name = "LCSC"; Value = ""; VariantName = "[No Variations]"
Add component (AddParameter): Name = "Manufacturer"; Value = ""; VariantName = "[No Variations]"
Add component (AddParameter): Name = "Manufacturer Part Number"; Value = ""; VariantName = "[No Variations]"
Added Component: Designator=R11(RES_0402)
Add component (AddParameter): Name = "Distributor Link"; Value = ""; VariantName = "[No Variations]"
Add component (AddParameter): Name = "LCSC"; Value = ""; VariantName = "[No Variations]"
Add component (AddParameter): Name = "Manufacturer"; Value = ""; VariantName = "[No Variations]"
Add component (AddParameter): Name = "Manufacturer Part Number"; Value = ""; VariantName = "[No Variations]"
Added Component: Designator=R12(RES_0402)
Add component (AddParameter): Name = "Distributor Link"; Value = ""; VariantName = "[No Variations]"
Add component (AddParameter): Name = "LCSC"; Value = ""; VariantName = "[No Variations]"
Add component (AddParameter): Name = "Manufacturer"; Value = ""; VariantName = "[No Variations]"
Add component (AddParameter): Name = "Manufacturer Part Number"; Value = ""; VariantName = "[No Variations]"
Added Component: Designator=R13(RES_0603)
Add component (AddParameter): Name = "Distributor Link"; Value = ""; VariantName = "[No Variations]"
Add component (AddParameter): Name = "LCSC"; Value = ""; VariantName = "[No Variations]"
Add component (AddParameter): Name = "Manufacturer"; Value = ""; VariantName = "[No Variations]"
Add component (AddParameter): Name = "Manufacturer Part Number"; Value = ""; VariantName = "[No Variations]"
Added Component: Designator=R14(RES_0402)
Add component (AddParameter): Name = "Distributor Link"; Value = ""; VariantName = "[No Variations]"
Add component (AddParameter): Name = "LCSC"; Value = ""; VariantName = "[No Variations]"
Add component (AddParameter): Name = "Manufacturer"; Value = ""; VariantName = "[No Variations]"
Add component (AddParameter): Name = "Manufacturer Part Number"; Value = ""; VariantName = "[No Variations]"
Added Component: Designator=R15(RES_0603)
Add component (AddParameter): Name = "Distributor Link"; Value = ""; VariantName = "[No Variations]"
Add component (AddParameter): Name = "LCSC"; Value = ""; VariantName = "[No Variations]"
Add component (AddParameter): Name = "Manufacturer"; Value = ""; VariantName = "[No Variations]"
Add component (AddParameter): Name = "Manufacturer Part Number"; Value = ""; VariantName = "[No Variations]"
Added Component: Designator=R16(RES_0402)
Add component (AddParameter): Name = "Distributor Link"; Value = ""; VariantName = "[No Variations]"
Add component (AddParameter): Name = "LCSC"; Value = ""; VariantName = "[No Variations]"
Add component (AddParameter): Name = "Manufacturer"; Value = ""; VariantName = "[No Variations]"
Add component (AddParameter): Name = "Manufacturer Part Number"; Value = ""; VariantName = "[No Variations]"
Added Component: Designator=R17(RES_0603)
Add component (AddParameter): Name = "Distributor Link"; Value = ""; VariantName = "[No Variations]"
Add component (AddParameter): Name = "LCSC"; Value = ""; VariantName = "[No Variations]"
Add component (AddParameter): Name = "Manufacturer"; Value = ""; VariantName = "[No Variations]"
Add component (AddParameter): Name = "Manufacturer Part Number"; Value = ""; VariantName = "[No Variations]"
Added Component: Designator=R18(RES_0402)
Add component (AddParameter): Name = "Distributor Link"; Value = ""; VariantName = "[No Variations]"
Add component (AddParameter): Name = "LCSC"; Value = ""; VariantName = "[No Variations]"
Add component (AddParameter): Name = "Manufacturer"; Value = ""; VariantName = "[No Variations]"
Add component (AddParameter): Name = "Manufacturer Part Number"; Value = ""; VariantName = "[No Variations]"
Added Component: Designator=R19(RES_0402)
Add component (AddParameter): Name = "Distributor Link"; Value = ""; VariantName = "[No Variations]"
Add component (AddParameter): Name = "LCSC"; Value = ""; VariantName = "[No Variations]"
Add component (AddParameter): Name = "Manufacturer"; Value = ""; VariantName = "[No Variations]"
Add component (AddParameter): Name = "Manufacturer Part Number"; Value = ""; VariantName = "[No Variations]"
Added Component: Designator=R20(RES_0603)
Add component (AddParameter): Name = "Distributor Link"; Value = ""; VariantName = "[No Variations]"
Add component (AddParameter): Name = "LCSC"; Value = ""; VariantName = "[No Variations]"
Add component (AddParameter): Name = "Manufacturer"; Value = ""; VariantName = "[No Variations]"
Add component (AddParameter): Name = "Manufacturer Part Number"; Value = ""; VariantName = "[No Variations]"
Added Component: Designator=R21(RES_0402)
Add component (AddParameter): Name = "Distributor Link"; Value = ""; VariantName = "[No Variations]"
Add component (AddParameter): Name = "LCSC"; Value = ""; VariantName = "[No Variations]"
Add component (AddParameter): Name = "Manufacturer"; Value = ""; VariantName = "[No Variations]"
Add component (AddParameter): Name = "Manufacturer Part Number"; Value = ""; VariantName = "[No Variations]"
Added Component: Designator=R22(RES_0402)
Add component (AddParameter): Name = "Distributor Link"; Value = ""; VariantName = "[No Variations]"
Add component (AddParameter): Name = "LCSC"; Value = ""; VariantName = "[No Variations]"
Add component (AddParameter): Name = "Manufacturer"; Value = ""; VariantName = "[No Variations]"
Add component (AddParameter): Name = "Manufacturer Part Number"; Value = ""; VariantName = "[No Variations]"
Added Component: Designator=R23(RES_0603)
Add component (AddParameter): Name = "Distributor Link"; Value = ""; VariantName = "[No Variations]"
Add component (AddParameter): Name = "LCSC"; Value = ""; VariantName = "[No Variations]"
Add component (AddParameter): Name = "Manufacturer"; Value = ""; VariantName = "[No Variations]"
Add component (AddParameter): Name = "Manufacturer Part Number"; Value = ""; VariantName = "[No Variations]"
Added Component: Designator=R24(RES_0402)
Add component (AddParameter): Name = "Distributor Link"; Value = ""; VariantName = "[No Variations]"
Add component (AddParameter): Name = "LCSC"; Value = ""; VariantName = "[No Variations]"
Add component (AddParameter): Name = "Manufacturer"; Value = ""; VariantName = "[No Variations]"
Add component (AddParameter): Name = "Manufacturer Part Number"; Value = ""; VariantName = "[No Variations]"
Added Component: Designator=R25(RES_0603)
Add component (AddParameter): Name = "Distributor Link"; Value = ""; VariantName = "[No Variations]"
Add component (AddParameter): Name = "LCSC"; Value = ""; VariantName = "[No Variations]"
Add component (AddParameter): Name = "Manufacturer"; Value = ""; VariantName = "[No Variations]"
Add component (AddParameter): Name = "Manufacturer Part Number"; Value = ""; VariantName = "[No Variations]"
Added Component: Designator=RV1(VARC1005X41N)
Add component (AddParameter): Name = "Arrow Part Number"; Value = "CG0402MLU-3.3G"; VariantName = "[No Variations]"
Add component (AddParameter): Name = "Arrow Price/Stock"; Value = "https://www.arrow.com/en/products/cg0402mlu-3.3g/bourns?utm_currency=USD&region=nac"; VariantName = "[No Variations]"
Add component (AddParameter): Name = "Datasheet Link"; Value = "https://www.bourns.com/docs/Product-Datasheets/MLU.pdf"; VariantName = "[No Variations]"
Add component (AddParameter): Name = "Height"; Value = "0.41mm"; VariantName = "[No Variations]"
Add component (AddParameter): Name = "Manufacturer_Name"; Value = "Bourns"; VariantName = "[No Variations]"
Add component (AddParameter): Name = "Manufacturer_Part_Number"; Value = "CG0402MLU-3.3G"; VariantName = "[No Variations]"
Add component (AddParameter): Name = "Mouser Part Number"; Value = "652-CG0402MLU-3.3G"; VariantName = "[No Variations]"
Add component (AddParameter): Name = "Mouser Price/Stock"; Value = "https://www.mouser.co.uk/ProductDetail/Bourns/CG0402MLU-3.3G?qs=m8myXnDJXpWVM8EQWErxtQ%3D%3D"; VariantName = "[No Variations]"
Added Component: Designator=RV2(VARC1005X41N)
Add component (AddParameter): Name = "Arrow Part Number"; Value = "CG0402MLU-3.3G"; VariantName = "[No Variations]"
Add component (AddParameter): Name = "Arrow Price/Stock"; Value = "https://www.arrow.com/en/products/cg0402mlu-3.3g/bourns?utm_currency=USD&region=nac"; VariantName = "[No Variations]"
Add component (AddParameter): Name = "Datasheet Link"; Value = "https://www.bourns.com/docs/Product-Datasheets/MLU.pdf"; VariantName = "[No Variations]"
Add component (AddParameter): Name = "Height"; Value = "0.41mm"; VariantName = "[No Variations]"
Add component (AddParameter): Name = "Manufacturer_Name"; Value = "Bourns"; VariantName = "[No Variations]"
Add component (AddParameter): Name = "Manufacturer_Part_Number"; Value = "CG0402MLU-3.3G"; VariantName = "[No Variations]"
Add component (AddParameter): Name = "Mouser Part Number"; Value = "652-CG0402MLU-3.3G"; VariantName = "[No Variations]"
Add component (AddParameter): Name = "Mouser Price/Stock"; Value = "https://www.mouser.co.uk/ProductDetail/Bourns/CG0402MLU-3.3G?qs=m8myXnDJXpWVM8EQWErxtQ%3D%3D"; VariantName = "[No Variations]"
Added Component: Designator=RV3(VARC1005X41N)
Add component (AddParameter): Name = "Arrow Part Number"; Value = "CG0402MLU-3.3G"; VariantName = "[No Variations]"
Add component (AddParameter): Name = "Arrow Price/Stock"; Value = "https://www.arrow.com/en/products/cg0402mlu-3.3g/bourns?utm_currency=USD&region=nac"; VariantName = "[No Variations]"
Add component (AddParameter): Name = "Datasheet Link"; Value = "https://www.bourns.com/docs/Product-Datasheets/MLU.pdf"; VariantName = "[No Variations]"
Add component (AddParameter): Name = "Height"; Value = "0.41mm"; VariantName = "[No Variations]"
Add component (AddParameter): Name = "Manufacturer_Name"; Value = "Bourns"; VariantName = "[No Variations]"
Add component (AddParameter): Name = "Manufacturer_Part_Number"; Value = "CG0402MLU-3.3G"; VariantName = "[No Variations]"
Add component (AddParameter): Name = "Mouser Part Number"; Value = "652-CG0402MLU-3.3G"; VariantName = "[No Variations]"
Add component (AddParameter): Name = "Mouser Price/Stock"; Value = "https://www.mouser.co.uk/ProductDetail/Bourns/CG0402MLU-3.3G?qs=m8myXnDJXpWVM8EQWErxtQ%3D%3D"; VariantName = "[No Variations]"
Added Component: Designator=RV4(VARC1005X41N)
Add component (AddParameter): Name = "Arrow Part Number"; Value = "CG0402MLU-3.3G"; VariantName = "[No Variations]"
Add component (AddParameter): Name = "Arrow Price/Stock"; Value = "https://www.arrow.com/en/products/cg0402mlu-3.3g/bourns?utm_currency=USD&region=nac"; VariantName = "[No Variations]"
Add component (AddParameter): Name = "Datasheet Link"; Value = "https://www.bourns.com/docs/Product-Datasheets/MLU.pdf"; VariantName = "[No Variations]"
Add component (AddParameter): Name = "Height"; Value = "0.41mm"; VariantName = "[No Variations]"
Add component (AddParameter): Name = "Manufacturer_Name"; Value = "Bourns"; VariantName = "[No Variations]"
Add component (AddParameter): Name = "Manufacturer_Part_Number"; Value = "CG0402MLU-3.3G"; VariantName = "[No Variations]"
Add component (AddParameter): Name = "Mouser Part Number"; Value = "652-CG0402MLU-3.3G"; VariantName = "[No Variations]"
Add component (AddParameter): Name = "Mouser Price/Stock"; Value = "https://www.mouser.co.uk/ProductDetail/Bourns/CG0402MLU-3.3G?qs=m8myXnDJXpWVM8EQWErxtQ%3D%3D"; VariantName = "[No Variations]"
Added Component: Designator=S1(FSMRA4JH04)
Add component (AddParameter): Name = "Arrow Part Number"; Value = "FSMRA4JH04"; VariantName = "[No Variations]"
Add component (AddParameter): Name = "Arrow Price/Stock"; Value = "https://www.arrow.com/en/products/fsmra4jh04/te-connectivity?region=nac"; VariantName = "[No Variations]"
Add component (AddParameter): Name = "Datasheet Link"; Value = "http://www.te.com/commerce/DocumentDelivery/DDEController?Action=showdoc&DocId=Customer+Drawing%7F1825027%7FG4%7Fpdf%7FEnglish%7FENG_CD_1825027_G4.pdf%7F1-1825027-1"; VariantName = "[No Variations]"
Add component (AddParameter): Name = "Height"; Value = "7.01mm"; VariantName = "[No Variations]"
Add component (AddParameter): Name = "Manufacturer_Name"; Value = "TE Connectivity"; VariantName = "[No Variations]"
Add component (AddParameter): Name = "Manufacturer_Part_Number"; Value = "FSMRA4JH04"; VariantName = "[No Variations]"
Add component (AddParameter): Name = "Mouser Part Number"; Value = "506-FSMRA4JH04"; VariantName = "[No Variations]"
Add component (AddParameter): Name = "Mouser Price/Stock"; Value = "https://www.mouser.co.uk/ProductDetail/TE-Connectivity-Alcoswitch/FSMRA4JH04?qs=65SUpkGmTbapQKkEnx7SmQ%3D%3D"; VariantName = "[No Variations]"
Added Component: Designator=S2(FSMRA4JH04)
Add component (AddParameter): Name = "Arrow Part Number"; Value = "FSMRA4JH04"; VariantName = "[No Variations]"
Add component (AddParameter): Name = "Arrow Price/Stock"; Value = "https://www.arrow.com/en/products/fsmra4jh04/te-connectivity?region=nac"; VariantName = "[No Variations]"
Add component (AddParameter): Name = "Datasheet Link"; Value = "http://www.te.com/commerce/DocumentDelivery/DDEController?Action=showdoc&DocId=Customer+Drawing%7F1825027%7FG4%7Fpdf%7FEnglish%7FENG_CD_1825027_G4.pdf%7F1-1825027-1"; VariantName = "[No Variations]"
Add component (AddParameter): Name = "Height"; Value = "7.01mm"; VariantName = "[No Variations]"
Add component (AddParameter): Name = "Manufacturer_Name"; Value = "TE Connectivity"; VariantName = "[No Variations]"
Add component (AddParameter): Name = "Manufacturer_Part_Number"; Value = "FSMRA4JH04"; VariantName = "[No Variations]"
Add component (AddParameter): Name = "Mouser Part Number"; Value = "506-FSMRA4JH04"; VariantName = "[No Variations]"
Add component (AddParameter): Name = "Mouser Price/Stock"; Value = "https://www.mouser.co.uk/ProductDetail/TE-Connectivity-Alcoswitch/FSMRA4JH04?qs=65SUpkGmTbapQKkEnx7SmQ%3D%3D"; VariantName = "[No Variations]"
Added Component: Designator=SW1(219-3LPST)
Add component (AddParameter): Name = "Manufacturer"; Value = "CTS"; VariantName = "[No Variations]"
Add component (AddParameter): Name = "Manufacturer Part Number"; Value = "219-3LPST"; VariantName = "[No Variations]"
Added Component: Designator=U1(DFN3x3_10L)
Add component (AddParameter): Name = "Manufacturer"; Value = "Littelfuse"; VariantName = "[No Variations]"
Add component (AddParameter): Name = "Manufacturer Part Number"; Value = "LS1205EVD33"; VariantName = "[No Variations]"
Added Component: Designator=U2(TMLF-6-1_6X1_6)
Add component (AddParameter): Name = "Manufacturer"; Value = "Microchip"; VariantName = "[No Variations]"
Add component (AddParameter): Name = "Manufacturer Part Number"; Value = "MIC2099-1YMT-TR"; VariantName = "[No Variations]"
Added Pin To Net: NetName=+3V3 Pin=B1-16
Added Pin To Net: NetName=+3V3 Pin=C6-2
Added Pin To Net: NetName=+3V3 Pin=D1-A
Added Pin To Net: NetName=+3V3 Pin=D2-A
Added Pin To Net: NetName=+3V3 Pin=D3-A
Added Pin To Net: NetName=+3V3 Pin=D5-A
Added Pin To Net: NetName=+3V3 Pin=J6-2
Added Pin To Net: NetName=+3V3 Pin=J7-2
Added Pin To Net: NetName=+3V3 Pin=J8-11
Added Pin To Net: NetName=+3V3 Pin=J8-14
Added Pin To Net: NetName=+3V3 Pin=L1-2
Added Pin To Net: NetName=+3V3 Pin=R7-2
Added Pin To Net: NetName=+3V3 Pin=R9-2
Added Pin To Net: NetName=+3V3 Pin=R11-2
Added Pin To Net: NetName=+3V3 Pin=R12-2
Added Pin To Net: NetName=+3V3 Pin=SW1-5
Added Pin To Net: NetName=+3V3 Pin=SW1-6
Added Net: Name=+3V3
Added Pin To Net: NetName=+5V0_USB_FILT Pin=C14-2
Added Pin To Net: NetName=+5V0_USB_FILT Pin=D4-1
Added Pin To Net: NetName=+5V0_USB_FILT Pin=FB1-2
Added Pin To Net: NetName=+5V0_USB_FILT Pin=R18-1
Added Net: Name=+5V0_USB_FILT
Added Pin To Net: NetName=+5V0_USB_SW Pin=C17-2
Added Pin To Net: NetName=+5V0_USB_SW Pin=D4-2
Added Pin To Net: NetName=+5V0_USB_SW Pin=U2-1
Added Net: Name=+5V0_USB_SW
Added Pin To Net: NetName=+5V0_USB Pin=C13-2
Added Pin To Net: NetName=+5V0_USB Pin=FB1-1
Added Pin To Net: NetName=+5V0_USB Pin=J9-A4
Added Pin To Net: NetName=+5V0_USB Pin=J9-A9
Added Net: Name=+5V0_USB
Added Pin To Net: NetName=+5V0 Pin=B1-3
Added Pin To Net: NetName=+5V0 Pin=B1-10
Added Pin To Net: NetName=+5V0 Pin=B1-11
Added Pin To Net: NetName=+5V0 Pin=B1-12
Added Pin To Net: NetName=+5V0 Pin=C1-2
Added Pin To Net: NetName=+5V0 Pin=C5-2
Added Pin To Net: NetName=+5V0 Pin=C8-2
Added Pin To Net: NetName=+5V0 Pin=C9-2
Added Pin To Net: NetName=+5V0 Pin=C10-2
Added Pin To Net: NetName=+5V0 Pin=C11-2
Added Pin To Net: NetName=+5V0 Pin=C16-2
Added Pin To Net: NetName=+5V0 Pin=J2-1
Added Pin To Net: NetName=+5V0 Pin=J2-2
Added Pin To Net: NetName=+5V0 Pin=J2-3
Added Pin To Net: NetName=+5V0 Pin=J2-4
Added Pin To Net: NetName=+5V0 Pin=J2-5
Added Pin To Net: NetName=+5V0 Pin=J2-6
Added Pin To Net: NetName=+5V0 Pin=J3-1
Added Pin To Net: NetName=+5V0 Pin=J3-2
Added Pin To Net: NetName=+5V0 Pin=J3-3
Added Pin To Net: NetName=+5V0 Pin=J3-4
Added Pin To Net: NetName=+5V0 Pin=J4-62
Added Pin To Net: NetName=+5V0 Pin=J4-64
Added Pin To Net: NetName=+5V0 Pin=J5-61
Added Pin To Net: NetName=+5V0 Pin=J5-62
Added Pin To Net: NetName=+5V0 Pin=J5-63
Added Pin To Net: NetName=+5V0 Pin=J5-64
Added Pin To Net: NetName=+5V0 Pin=U1-8
Added Pin To Net: NetName=+5V0 Pin=U1-9
Added Pin To Net: NetName=+5V0 Pin=U1-10
Added Pin To Net: NetName=+5V0 Pin=U2-6
Added Net: Name=+5V0
Added Pin To Net: NetName=B12_IO1N Pin=J5-30
Added Net: Name=B12_IO1N
Added Pin To Net: NetName=B12_IO1P Pin=J5-7
Added Net: Name=B12_IO1P
Added Pin To Net: NetName=B12_IO2N Pin=J3-47
Added Net: Name=B12_IO2N
Added Pin To Net: NetName=B12_IO2P Pin=J3-43
Added Net: Name=B12_IO2P
Added Pin To Net: NetName=B12_IO3N Pin=J5-21
Added Net: Name=B12_IO3N
Added Pin To Net: NetName=B12_IO3P Pin=J5-34
Added Net: Name=B12_IO3P
Added Pin To Net: NetName=B12_IO4P Pin=J3-49
Added Net: Name=B12_IO4P
Added Pin To Net: NetName=B12_IO5N Pin=J5-10
Added Net: Name=B12_IO5N
Added Pin To Net: NetName=B12_IO6N Pin=J5-28
Added Net: Name=B12_IO6N
Added Pin To Net: NetName=B12_IO6P Pin=J3-41
Added Net: Name=B12_IO6P
Added Pin To Net: NetName=B12_IO7P Pin=J5-19
Added Net: Name=B12_IO7P
Added Pin To Net: NetName=B12_IO8N Pin=J5-18
Added Net: Name=B12_IO8N
Added Pin To Net: NetName=B12_IO8P Pin=J5-20
Added Net: Name=B12_IO8P
Added Pin To Net: NetName=B12_IO9N Pin=J5-26
Added Net: Name=B12_IO9N
Added Pin To Net: NetName=B12_IO9P Pin=J5-24
Added Net: Name=B12_IO9P
Added Pin To Net: NetName=B12_IO10N Pin=J5-14
Added Net: Name=B12_IO10N
Added Pin To Net: NetName=B12_IO10P Pin=J5-16
Added Net: Name=B12_IO10P
Added Pin To Net: NetName=B12_IO11N Pin=J5-17
Added Net: Name=B12_IO11N
Added Pin To Net: NetName=B12_IO11P Pin=J5-15
Added Net: Name=B12_IO11P
Added Pin To Net: NetName=B12_IO12N Pin=J5-13
Added Net: Name=B12_IO12N
Added Pin To Net: NetName=B12_IO12P Pin=J5-9
Added Net: Name=B12_IO12P
Added Pin To Net: NetName=B12_IO13P Pin=J3-33
Added Net: Name=B12_IO13P
Added Pin To Net: NetName=B12_IO14N Pin=J3-37
Added Net: Name=B12_IO14N
Added Pin To Net: NetName=B12_IO14P Pin=J3-31
Added Net: Name=B12_IO14P
Added Pin To Net: NetName=B12_IO15N Pin=J3-62
Added Net: Name=B12_IO15N
Added Pin To Net: NetName=B12_IO15P Pin=J3-60
Added Net: Name=B12_IO15P
Added Pin To Net: NetName=B12_IO16N Pin=J5-8
Added Net: Name=B12_IO16N
Added Pin To Net: NetName=B12_IO16P Pin=J5-4
Added Net: Name=B12_IO16P
Added Pin To Net: NetName=B12_IO17N Pin=J5-6
Added Net: Name=B12_IO17N
Added Pin To Net: NetName=B12_IO17P Pin=J5-2
Added Net: Name=B12_IO17P
Added Pin To Net: NetName=B12_IO18N Pin=J5-3
Added Net: Name=B12_IO18N
Added Pin To Net: NetName=B12_IO18P Pin=J5-5
Added Net: Name=B12_IO18P
Added Pin To Net: NetName=B12_IO19N Pin=J3-23
Added Net: Name=B12_IO19N
Added Pin To Net: NetName=B12_IO20N Pin=J3-29
Added Net: Name=B12_IO20N
Added Pin To Net: NetName=B12_IO20P Pin=J3-27
Added Net: Name=B12_IO20P
Added Pin To Net: NetName=B12_IO21N Pin=J3-58
Added Net: Name=B12_IO21N
Added Pin To Net: NetName=B12_IO21P Pin=J3-54
Added Net: Name=B12_IO21P
Added Pin To Net: NetName=B12_IO22N Pin=J3-39
Added Net: Name=B12_IO22N
Added Pin To Net: NetName=B12_LED Pin=J3-61
Added Pin To Net: NetName=B12_LED Pin=Q4-1
Added Net: Name=B12_LED
Added Pin To Net: NetName=B13_IO3N Pin=J3-12
Added Net: Name=B13_IO3N
Added Pin To Net: NetName=B13_IO3P Pin=J3-14
Added Net: Name=B13_IO3P
Added Pin To Net: NetName=B13_IO4N Pin=J3-8
Added Net: Name=B13_IO4N
Added Pin To Net: NetName=B13_IO4P Pin=J3-10
Added Net: Name=B13_IO4P
Added Pin To Net: NetName=B13_IO5N Pin=J3-18
Added Net: Name=B13_IO5N
Added Pin To Net: NetName=B13_IO5P Pin=J3-20
Added Net: Name=B13_IO5P
Added Pin To Net: NetName=B13_IO7N Pin=J3-30
Added Net: Name=B13_IO7N
Added Pin To Net: NetName=B13_IO7P Pin=J3-28
Added Net: Name=B13_IO7P
Added Pin To Net: NetName=B13_IO8N Pin=J3-24
Added Net: Name=B13_IO8N
Added Pin To Net: NetName=B13_IO8P Pin=J3-22
Added Net: Name=B13_IO8P
Added Pin To Net: NetName=B13_IO11N Pin=J3-9
Added Net: Name=B13_IO11N
Added Pin To Net: NetName=B13_IO11P Pin=J3-7
Added Net: Name=B13_IO11P
Added Pin To Net: NetName=B13_IO13N Pin=J3-11
Added Net: Name=B13_IO13N
Added Pin To Net: NetName=B13_IO13P Pin=J3-13
Added Net: Name=B13_IO13P
Added Pin To Net: NetName=B13_IO15N Pin=J3-38
Added Net: Name=B13_IO15N
Added Pin To Net: NetName=B13_IO15P Pin=J3-42
Added Net: Name=B13_IO15P
Added Pin To Net: NetName=B13_IO16N Pin=J3-32
Added Net: Name=B13_IO16N
Added Pin To Net: NetName=B13_IO16P Pin=J3-34
Added Net: Name=B13_IO16P
Added Pin To Net: NetName=B13_IO17N Pin=J3-40
Added Net: Name=B13_IO17N
Added Pin To Net: NetName=B13_IO17P Pin=J3-52
Added Net: Name=B13_IO17P
Added Pin To Net: NetName=B13_IO18N Pin=J3-48
Added Net: Name=B13_IO18N
Added Pin To Net: NetName=B13_IO18P Pin=J3-44
Added Net: Name=B13_IO18P
Added Pin To Net: NetName=B13_IO21N Pin=J3-19
Added Net: Name=B13_IO21N
Added Pin To Net: NetName=B13_IO21P Pin=J3-50
Added Net: Name=B13_IO21P
Added Pin To Net: NetName=B13_IO22N Pin=J3-17
Added Net: Name=B13_IO22N
Added Pin To Net: NetName=B13_IO24N Pin=J3-21
Added Net: Name=B13_IO24N
Added Pin To Net: NetName=B33_IO_L3_N Pin=J4-63
Added Net: Name=B33_IO_L3_N
Added Pin To Net: NetName=B33_IO_L3_P Pin=J4-61
Added Net: Name=B33_IO_L3_P
Added Pin To Net: NetName=B33_IO_L4_N Pin=J4-51
Added Net: Name=B33_IO_L4_N
Added Pin To Net: NetName=B33_IO_L4_P Pin=J4-49
Added Net: Name=B33_IO_L4_P
Added Pin To Net: NetName=B33_IO_L5_N Pin=J4-57
Added Net: Name=B33_IO_L5_N
Added Pin To Net: NetName=B33_IO_L5_P Pin=J4-55
Added Net: Name=B33_IO_L5_P
Added Pin To Net: NetName=B33_IO_L6_N Pin=J4-39
Added Net: Name=B33_IO_L6_N
Added Pin To Net: NetName=B33_IO_L6_P Pin=J4-37
Added Net: Name=B33_IO_L6_P
Added Pin To Net: NetName=B34_IO_L3_N Pin=J4-3
Added Net: Name=B34_IO_L3_N
Added Pin To Net: NetName=B34_IO_L3_P Pin=J4-1
Added Net: Name=B34_IO_L3_P
Added Pin To Net: NetName=B34_IO_L7_N Pin=J4-16
Added Net: Name=B34_IO_L7_N
Added Pin To Net: NetName=B34_IO_L7_P Pin=J4-14
Added Net: Name=B34_IO_L7_P
Added Pin To Net: NetName=B34_IO_L8_N Pin=J4-34
Added Net: Name=B34_IO_L8_N
Added Pin To Net: NetName=B34_IO_L8_P Pin=J4-32
Added Net: Name=B34_IO_L8_P
Added Pin To Net: NetName=B34_IO_L9_N Pin=J4-4
Added Net: Name=B34_IO_L9_N
Added Pin To Net: NetName=B34_IO_L9_P Pin=J4-2
Added Net: Name=B34_IO_L9_P
Added Pin To Net: NetName=B34_IO_L10_N Pin=J4-10
Added Net: Name=B34_IO_L10_N
Added Pin To Net: NetName=B34_IO_L10_P Pin=J4-8
Added Net: Name=B34_IO_L10_P
Added Pin To Net: NetName=B34_IO_L12_N Pin=J4-9
Added Net: Name=B34_IO_L12_N
Added Pin To Net: NetName=B34_IO_L12_P Pin=J4-7
Added Net: Name=B34_IO_L12_P
Added Pin To Net: NetName=B34_IO_L13_N Pin=J4-40
Added Net: Name=B34_IO_L13_N
Added Pin To Net: NetName=B34_IO_L13_P Pin=J4-38
Added Net: Name=B34_IO_L13_P
Added Pin To Net: NetName=B34_IO_L14_N Pin=J4-46
Added Net: Name=B34_IO_L14_N
Added Pin To Net: NetName=B34_IO_L14_P Pin=J4-44
Added Net: Name=B34_IO_L14_P
Added Pin To Net: NetName=B34_IO_L15_N Pin=J4-15
Added Net: Name=B34_IO_L15_N
Added Pin To Net: NetName=B34_IO_L15_P Pin=J4-13
Added Net: Name=B34_IO_L15_P
Added Pin To Net: NetName=B34_IO_L16_N Pin=J4-28
Added Net: Name=B34_IO_L16_N
Added Pin To Net: NetName=B34_IO_L16_P Pin=J4-26
Added Net: Name=B34_IO_L16_P
Added Pin To Net: NetName=B34_IO_L17_N Pin=J4-21
Added Net: Name=B34_IO_L17_N
Added Pin To Net: NetName=B34_IO_L17_P Pin=J4-19
Added Net: Name=B34_IO_L17_P
Added Pin To Net: NetName=B34_IO_L18_N Pin=J4-27
Added Net: Name=B34_IO_L18_N
Added Pin To Net: NetName=B34_IO_L18_P Pin=J4-25
Added Net: Name=B34_IO_L18_P
Added Pin To Net: NetName=B34_IO_L19_N Pin=J4-58
Added Net: Name=B34_IO_L19_N
Added Pin To Net: NetName=B34_IO_L19_P Pin=J4-56
Added Net: Name=B34_IO_L19_P
Added Pin To Net: NetName=B34_IO_L20_N Pin=J4-33
Added Net: Name=B34_IO_L20_N
Added Pin To Net: NetName=B34_IO_L20_P Pin=J4-31
Added Net: Name=B34_IO_L20_P
Added Pin To Net: NetName=B34_IO_L22_N Pin=J4-52
Added Net: Name=B34_IO_L22_N
Added Pin To Net: NetName=B34_IO_L22_P Pin=J4-50
Added Net: Name=B34_IO_L22_P
Added Pin To Net: NetName=B34_IO_L23_N Pin=J4-22
Added Net: Name=B34_IO_L23_N
Added Pin To Net: NetName=B34_IO_L23_P Pin=J4-20
Added Net: Name=B34_IO_L23_P
Added Pin To Net: NetName=B34_IO_L24_N Pin=J4-45
Added Net: Name=B34_IO_L24_N
Added Pin To Net: NetName=B34_IO_L24_P Pin=J4-43
Added Net: Name=B34_IO_L24_P
Added Pin To Net: NetName=B35_IO_L19_N Pin=J2-63
Added Net: Name=B35_IO_L19_N
Added Pin To Net: NetName=B35_IO_L19_P Pin=J2-61
Added Net: Name=B35_IO_L19_P
Added Pin To Net: NetName=B35_IO_L23_N Pin=J2-64
Added Net: Name=B35_IO_L23_N
Added Pin To Net: NetName=B35_IO_L23_P Pin=J2-62
Added Net: Name=B35_IO_L23_P
Added Pin To Net: NetName=BCK_CN Pin=B1-8
Added Pin To Net: NetName=BCK_CN Pin=C7-1
Added Net: Name=BCK_CN
Added Pin To Net: NetName=BCK_CP Pin=B1-7
Added Pin To Net: NetName=BCK_CP Pin=C7-2
Added Net: Name=BCK_CP
Added Pin To Net: NetName=BCK_EN Pin=B1-13
Added Pin To Net: NetName=BCK_EN Pin=R8-1
Added Net: Name=BCK_EN
Added Pin To Net: NetName=BCK_PG Pin=B1-4
Added Pin To Net: NetName=BCK_PG Pin=R6-2
Added Pin To Net: NetName=BCK_PG Pin=R9-1
Added Net: Name=BCK_PG
Added Pin To Net: NetName=BCK_SW Pin=B1-1
Added Pin To Net: NetName=BCK_SW Pin=B1-2
Added Pin To Net: NetName=BCK_SW Pin=L1-1
Added Net: Name=BCK_SW
Added Pin To Net: NetName=BOOTMODE_0 Pin=J2-39
Added Pin To Net: NetName=BOOTMODE_0 Pin=SW1-1
Added Net: Name=BOOTMODE_0
Added Pin To Net: NetName=BOOTMODE_1 Pin=J2-41
Added Pin To Net: NetName=BOOTMODE_1 Pin=SW1-2
Added Net: Name=BOOTMODE_1
Added Pin To Net: NetName=CARRIER_PG Pin=Q1-1
Added Pin To Net: NetName=CARRIER_PG Pin=R6-1
Added Net: Name=CARRIER_PG
Added Pin To Net: NetName=CGND Pin=J8-SH
Added Pin To Net: NetName=CGND Pin=J8-SH
Added Pin To Net: NetName=CGND Pin=J9-MP1
Added Pin To Net: NetName=CGND Pin=J9-MP2
Added Pin To Net: NetName=CGND Pin=J9-MP3
Added Pin To Net: NetName=CGND Pin=J9-MP4
Added Pin To Net: NetName=CGND Pin=S1-3
Added Pin To Net: NetName=CGND Pin=S1-4
Added Pin To Net: NetName=CGND Pin=S2-3
Added Pin To Net: NetName=CGND Pin=S2-4
Added Net: Name=CGND
Added Pin To Net: NetName=ETH_LED0 Pin=J2-47
Added Pin To Net: NetName=ETH_LED0 Pin=R11-1
Added Pin To Net: NetName=ETH_LED0 Pin=R13-1
Added Net: Name=ETH_LED0
Added Pin To Net: NetName=ETH_LED1 Pin=J2-49
Added Pin To Net: NetName=ETH_LED1 Pin=R14-2
Added Net: Name=ETH_LED1
Added Pin To Net: NetName=ETH_LED2 Pin=J2-51
Added Pin To Net: NetName=ETH_LED2 Pin=R12-1
Added Pin To Net: NetName=ETH_LED2 Pin=R15-2
Added Net: Name=ETH_LED2
Added Pin To Net: NetName=ETH_LED_GR_K Pin=J8-12
Added Pin To Net: NetName=ETH_LED_GR_K Pin=R13-2
Added Net: Name=ETH_LED_GR_K
Added Pin To Net: NetName=ETH_LED_YL_K Pin=J8-13
Added Pin To Net: NetName=ETH_LED_YL_K Pin=R15-1
Added Net: Name=ETH_LED_YL_K
Added Pin To Net: NetName=ETH_MDI0_N Pin=J2-34
Added Pin To Net: NetName=ETH_MDI0_N Pin=J8-3
Added Net: Name=ETH_MDI0_N
Added Pin To Net: NetName=ETH_MDI0_P Pin=J2-32
Added Pin To Net: NetName=ETH_MDI0_P Pin=J8-2
Added Net: Name=ETH_MDI0_P
Added Pin To Net: NetName=ETH_MDI1_N Pin=J2-40
Added Pin To Net: NetName=ETH_MDI1_N Pin=J8-7
Added Net: Name=ETH_MDI1_N
Added Pin To Net: NetName=ETH_MDI1_P Pin=J2-38
Added Pin To Net: NetName=ETH_MDI1_P Pin=J8-4
Added Net: Name=ETH_MDI1_P
Added Pin To Net: NetName=ETH_MDI2_N Pin=J2-46
Added Pin To Net: NetName=ETH_MDI2_N Pin=J8-6
Added Net: Name=ETH_MDI2_N
Added Pin To Net: NetName=ETH_MDI2_P Pin=J2-44
Added Pin To Net: NetName=ETH_MDI2_P Pin=J8-5
Added Net: Name=ETH_MDI2_P
Added Pin To Net: NetName=ETH_MDI3_N Pin=J2-52
Added Pin To Net: NetName=ETH_MDI3_N Pin=J8-9
Added Net: Name=ETH_MDI3_N
Added Pin To Net: NetName=ETH_MDI3_P Pin=J2-50
Added Pin To Net: NetName=ETH_MDI3_P Pin=J8-8
Added Net: Name=ETH_MDI3_P
Added Pin To Net: NetName=FUSE_EN Pin=C3-2
Added Pin To Net: NetName=FUSE_EN Pin=R1-1
Added Pin To Net: NetName=FUSE_EN Pin=U1-7
Added Net: Name=FUSE_EN
Added Pin To Net: NetName=FUSE_ILIM Pin=R3-2
Added Pin To Net: NetName=FUSE_ILIM Pin=U1-5
Added Net: Name=FUSE_ILIM
Added Pin To Net: NetName=FUSE_SS Pin=C4-2
Added Pin To Net: NetName=FUSE_SS Pin=U1-6
Added Net: Name=FUSE_SS
Added Pin To Net: NetName=GND Pin=B1-6
Added Pin To Net: NetName=GND Pin=B1-14
Added Pin To Net: NetName=GND Pin=B1-15
Added Pin To Net: NetName=GND Pin=B1-17
Added Pin To Net: NetName=GND Pin=C1-1
Added Pin To Net: NetName=GND Pin=C2-1
Added Pin To Net: NetName=GND Pin=C3-1
Added Pin To Net: NetName=GND Pin=C4-1
Added Pin To Net: NetName=GND Pin=C5-1
Added Pin To Net: NetName=GND Pin=C6-1
Added Pin To Net: NetName=GND Pin=C8-1
Added Pin To Net: NetName=GND Pin=C9-1
Added Pin To Net: NetName=GND Pin=C10-1
Added Pin To Net: NetName=GND Pin=C11-1
Added Pin To Net: NetName=GND Pin=C12-1
Added Pin To Net: NetName=GND Pin=C13-1
Added Pin To Net: NetName=GND Pin=C14-1
Added Pin To Net: NetName=GND Pin=C15-1
Added Pin To Net: NetName=GND Pin=C16-1
Added Pin To Net: NetName=GND Pin=C17-1
Added Pin To Net: NetName=GND Pin=J1-2
Added Pin To Net: NetName=GND Pin=J1-3
Added Pin To Net: NetName=GND Pin=J2-7
Added Pin To Net: NetName=GND Pin=J2-8
Added Pin To Net: NetName=GND Pin=J2-30
Added Pin To Net: NetName=GND Pin=J2-31
Added Pin To Net: NetName=GND Pin=J2-36
Added Pin To Net: NetName=GND Pin=J2-37
Added Pin To Net: NetName=GND Pin=J2-42
Added Pin To Net: NetName=GND Pin=J2-45
Added Pin To Net: NetName=GND Pin=J2-48
Added Pin To Net: NetName=GND Pin=J2-53
Added Pin To Net: NetName=GND Pin=J2-54
Added Pin To Net: NetName=GND Pin=J2-59
Added Pin To Net: NetName=GND Pin=J2-60
Added Pin To Net: NetName=GND Pin=J3-5
Added Pin To Net: NetName=GND Pin=J3-6
Added Pin To Net: NetName=GND Pin=J3-15
Added Pin To Net: NetName=GND Pin=J3-16
Added Pin To Net: NetName=GND Pin=J3-25
Added Pin To Net: NetName=GND Pin=J3-26
Added Pin To Net: NetName=GND Pin=J3-35
Added Pin To Net: NetName=GND Pin=J3-36
Added Pin To Net: NetName=GND Pin=J3-45
Added Pin To Net: NetName=GND Pin=J3-46
Added Pin To Net: NetName=GND Pin=J3-51
Added Pin To Net: NetName=GND Pin=J3-56
Added Pin To Net: NetName=GND Pin=J3-59
Added Pin To Net: NetName=GND Pin=J3-63
Added Pin To Net: NetName=GND Pin=J3-64
Added Pin To Net: NetName=GND Pin=J4-5
Added Pin To Net: NetName=GND Pin=J4-6
Added Pin To Net: NetName=GND Pin=J4-11
Added Pin To Net: NetName=GND Pin=J4-12
Added Pin To Net: NetName=GND Pin=J4-17
Added Pin To Net: NetName=GND Pin=J4-18
Added Pin To Net: NetName=GND Pin=J4-23
Added Pin To Net: NetName=GND Pin=J4-24
Added Pin To Net: NetName=GND Pin=J4-29
Added Pin To Net: NetName=GND Pin=J4-30
Added Pin To Net: NetName=GND Pin=J4-35
Added Pin To Net: NetName=GND Pin=J4-36
Added Pin To Net: NetName=GND Pin=J4-41
Added Pin To Net: NetName=GND Pin=J4-42
Added Pin To Net: NetName=GND Pin=J4-47
Added Pin To Net: NetName=GND Pin=J4-48
Added Pin To Net: NetName=GND Pin=J4-53
Added Pin To Net: NetName=GND Pin=J4-54
Added Pin To Net: NetName=GND Pin=J4-59
Added Pin To Net: NetName=GND Pin=J4-60
Added Pin To Net: NetName=GND Pin=J5-1
Added Pin To Net: NetName=GND Pin=J5-11
Added Pin To Net: NetName=GND Pin=J5-12
Added Pin To Net: NetName=GND Pin=J5-22
Added Pin To Net: NetName=GND Pin=J5-23
Added Pin To Net: NetName=GND Pin=J5-29
Added Pin To Net: NetName=GND Pin=J5-32
Added Pin To Net: NetName=GND Pin=J5-35
Added Pin To Net: NetName=GND Pin=J5-36
Added Pin To Net: NetName=GND Pin=J5-41
Added Pin To Net: NetName=GND Pin=J5-42
Added Pin To Net: NetName=GND Pin=J5-47
Added Pin To Net: NetName=GND Pin=J5-48
Added Pin To Net: NetName=GND Pin=J5-53
Added Pin To Net: NetName=GND Pin=J5-54
Added Pin To Net: NetName=GND Pin=J5-59
Added Pin To Net: NetName=GND Pin=J5-60
Added Pin To Net: NetName=GND Pin=J6-1
Added Pin To Net: NetName=GND Pin=J6-3
Added Pin To Net: NetName=GND Pin=J6-5
Added Pin To Net: NetName=GND Pin=J6-7
Added Pin To Net: NetName=GND Pin=J6-9
Added Pin To Net: NetName=GND Pin=J6-11
Added Pin To Net: NetName=GND Pin=J6-13
Added Pin To Net: NetName=GND Pin=J7-1
Added Pin To Net: NetName=GND Pin=J7-3
Added Pin To Net: NetName=GND Pin=J7-5
Added Pin To Net: NetName=GND Pin=J7-7
Added Pin To Net: NetName=GND Pin=J7-9
Added Pin To Net: NetName=GND Pin=J7-11
Added Pin To Net: NetName=GND Pin=J7-13
Added Pin To Net: NetName=GND Pin=J8-10
Added Pin To Net: NetName=GND Pin=J9-A1
Added Pin To Net: NetName=GND Pin=J9-A12
Added Pin To Net: NetName=GND Pin=Q1-2
Added Pin To Net: NetName=GND Pin=Q2-2
Added Pin To Net: NetName=GND Pin=Q3-2
Added Pin To Net: NetName=GND Pin=Q4-2
Added Pin To Net: NetName=GND Pin=R3-1
Added Pin To Net: NetName=GND Pin=R4-1
Added Pin To Net: NetName=GND Pin=R10-1
Added Pin To Net: NetName=GND Pin=R14-1
Added Pin To Net: NetName=GND Pin=R21-1
Added Pin To Net: NetName=GND Pin=R22-1
Added Pin To Net: NetName=GND Pin=R24-1
Added Pin To Net: NetName=GND Pin=R25-1
Added Pin To Net: NetName=GND Pin=RV1-1
Added Pin To Net: NetName=GND Pin=RV2-1
Added Pin To Net: NetName=GND Pin=RV3-1
Added Pin To Net: NetName=GND Pin=RV4-1
Added Pin To Net: NetName=GND Pin=S1-2
Added Pin To Net: NetName=GND Pin=S2-2
Added Pin To Net: NetName=GND Pin=U1-11
Added Pin To Net: NetName=GND Pin=U2-5
Added Pin To Net: NetName=GND Pin=U2-7
Added Net: Name=GND
Added Pin To Net: NetName=JTAG_TCK Pin=J6-6
Added Pin To Net: NetName=JTAG_TCK Pin=J7-6
Added Net: Name=JTAG_TCK
Added Pin To Net: NetName=JTAG_TDI Pin=J6-10
Added Pin To Net: NetName=JTAG_TDI Pin=J7-10
Added Net: Name=JTAG_TDI
Added Pin To Net: NetName=JTAG_TDO Pin=J6-8
Added Pin To Net: NetName=JTAG_TDO Pin=J7-8
Added Net: Name=JTAG_TDO
Added Pin To Net: NetName=JTAG_TMS Pin=J6-4
Added Pin To Net: NetName=JTAG_TMS Pin=J7-4
Added Net: Name=JTAG_TMS
Added Pin To Net: NetName=MGT_REFCLK_0_N Pin=J5-33
Added Net: Name=MGT_REFCLK_0_N
Added Pin To Net: NetName=MGT_REFCLK_0_P Pin=J5-31
Added Net: Name=MGT_REFCLK_0_P
Added Pin To Net: NetName=MGT_REFCLK_1_N Pin=J5-27
Added Net: Name=MGT_REFCLK_1_N
Added Pin To Net: NetName=MGT_REFCLK_1_P Pin=J5-25
Added Net: Name=MGT_REFCLK_1_P
Added Pin To Net: NetName=MGT_RX_0_N Pin=J5-39
Added Net: Name=MGT_RX_0_N
Added Pin To Net: NetName=MGT_RX_0_P Pin=J5-37
Added Net: Name=MGT_RX_0_P
Added Pin To Net: NetName=MGT_RX_1_N Pin=J5-45
Added Net: Name=MGT_RX_1_N
Added Pin To Net: NetName=MGT_RX_1_P Pin=J5-43
Added Net: Name=MGT_RX_1_P
Added Pin To Net: NetName=MGT_RX_2_N Pin=J5-51
Added Net: Name=MGT_RX_2_N
Added Pin To Net: NetName=MGT_RX_2_P Pin=J5-49
Added Net: Name=MGT_RX_2_P
Added Pin To Net: NetName=MGT_RX_3_N Pin=J5-57
Added Net: Name=MGT_RX_3_N
Added Pin To Net: NetName=MGT_RX_3_P Pin=J5-55
Added Net: Name=MGT_RX_3_P
Added Pin To Net: NetName=MGT_TX_0_N Pin=J5-40
Added Net: Name=MGT_TX_0_N
Added Pin To Net: NetName=MGT_TX_0_P Pin=J5-38
Added Net: Name=MGT_TX_0_P
Added Pin To Net: NetName=MGT_TX_1_N Pin=J5-46
Added Net: Name=MGT_TX_1_N
Added Pin To Net: NetName=MGT_TX_1_P Pin=J5-44
Added Net: Name=MGT_TX_1_P
Added Pin To Net: NetName=MGT_TX_2_N Pin=J5-52
Added Net: Name=MGT_TX_2_N
Added Pin To Net: NetName=MGT_TX_2_P Pin=J5-50
Added Net: Name=MGT_TX_2_P
Added Pin To Net: NetName=MGT_TX_3_N Pin=J5-58
Added Net: Name=MGT_TX_3_N
Added Pin To Net: NetName=MGT_TX_3_P Pin=J5-56
Added Net: Name=MGT_TX_3_P
Added Pin To Net: NetName=NetB1_5 Pin=B1-5
Added Pin To Net: NetName=NetB1_5 Pin=R7-1
Added Pin To Net: NetName=NetB1_5 Pin=R10-2
Added Net: Name=NetB1_5
Added Pin To Net: NetName=NetD1_K Pin=D1-K
Added Pin To Net: NetName=NetD1_K Pin=R5-2
Added Net: Name=NetD1_K
Added Pin To Net: NetName=NetD2_K Pin=D2-K
Added Pin To Net: NetName=NetD2_K Pin=R17-2
Added Net: Name=NetD2_K
Added Pin To Net: NetName=NetD3_K Pin=D3-K
Added Pin To Net: NetName=NetD3_K Pin=R20-2
Added Net: Name=NetD3_K
Added Pin To Net: NetName=NetD5_K Pin=D5-K
Added Pin To Net: NetName=NetD5_K Pin=R23-2
Added Net: Name=NetD5_K
Added Pin To Net: NetName=NetQ1_3 Pin=Q1-3
Added Pin To Net: NetName=NetQ1_3 Pin=R5-1
Added Net: Name=NetQ1_3
Added Pin To Net: NetName=NetQ2_3 Pin=Q2-3
Added Pin To Net: NetName=NetQ2_3 Pin=R17-1
Added Net: Name=NetQ2_3
Added Pin To Net: NetName=NetQ3_3 Pin=Q3-3
Added Pin To Net: NetName=NetQ3_3 Pin=R20-1
Added Net: Name=NetQ3_3
Added Pin To Net: NetName=NetQ4_3 Pin=Q4-3
Added Pin To Net: NetName=NetQ4_3 Pin=R23-1
Added Net: Name=NetQ4_3
Added Pin To Net: NetName=NetR2_1 Pin=R2-1
Added Pin To Net: NetName=NetR2_1 Pin=R4-2
Added Pin To Net: NetName=NetR2_1 Pin=U1-4
Added Net: Name=NetR2_1
Added Pin To Net: NetName=PROGRAM_B_BT Pin=C15-2
Added Pin To Net: NetName=PROGRAM_B_BT Pin=Q3-1
Added Pin To Net: NetName=PROGRAM_B_BT Pin=R19-1
Added Pin To Net: NetName=PROGRAM_B_BT Pin=RV2-2
Added Pin To Net: NetName=PROGRAM_B_BT Pin=S2-1
Added Net: Name=PROGRAM_B_BT
Added Pin To Net: NetName=PROGRAM_B Pin=J2-33
Added Pin To Net: NetName=PROGRAM_B Pin=R19-2
Added Net: Name=PROGRAM_B
Added Pin To Net: NetName=PS_SRST_BT Pin=C12-2
Added Pin To Net: NetName=PS_SRST_BT Pin=Q2-1
Added Pin To Net: NetName=PS_SRST_BT Pin=R16-1
Added Pin To Net: NetName=PS_SRST_BT Pin=RV1-2
Added Pin To Net: NetName=PS_SRST_BT Pin=S1-1
Added Net: Name=PS_SRST_BT
Added Pin To Net: NetName=PS_SRST Pin=J2-43
Added Pin To Net: NetName=PS_SRST Pin=R16-2
Added Net: Name=PS_SRST
Added Pin To Net: NetName=PWR_JCK Pin=C2-2
Added Pin To Net: NetName=PWR_JCK Pin=J1-1
Added Pin To Net: NetName=PWR_JCK Pin=R1-2
Added Pin To Net: NetName=PWR_JCK Pin=R2-2
Added Pin To Net: NetName=PWR_JCK Pin=U1-1
Added Pin To Net: NetName=PWR_JCK Pin=U1-2
Added Pin To Net: NetName=PWR_JCK Pin=U1-3
Added Net: Name=PWR_JCK
Added Pin To Net: NetName=SYS_PG Pin=J2-35
Added Pin To Net: NetName=SYS_PG Pin=R8-2
Added Net: Name=SYS_PG
Added Pin To Net: NetName=USB_CC1 Pin=J9-A5
Added Pin To Net: NetName=USB_CC1 Pin=R22-2
Added Net: Name=USB_CC1
Added Pin To Net: NetName=USB_CC2 Pin=J9-B5
Added Pin To Net: NetName=USB_CC2 Pin=R21-2
Added Net: Name=USB_CC2
Added Pin To Net: NetName=USB_CPEN Pin=J2-55
Added Pin To Net: NetName=USB_CPEN Pin=R24-2
Added Pin To Net: NetName=USB_CPEN Pin=U2-4
Added Net: Name=USB_CPEN
Added Pin To Net: NetName=USB_D_C_N Pin=J9-A7
Added Pin To Net: NetName=USB_D_C_N Pin=J9-B7
Added Pin To Net: NetName=USB_D_C_N Pin=L2-4
Added Pin To Net: NetName=USB_D_C_N Pin=RV4-2
Added Net: Name=USB_D_C_N
Added Pin To Net: NetName=USB_D_C_P Pin=J9-A6
Added Pin To Net: NetName=USB_D_C_P Pin=J9-B6
Added Pin To Net: NetName=USB_D_C_P Pin=L2-3
Added Pin To Net: NetName=USB_D_C_P Pin=RV3-2
Added Net: Name=USB_D_C_P
Added Pin To Net: NetName=USB_HS_D_N Pin=J2-58
Added Pin To Net: NetName=USB_HS_D_N Pin=L2-1
Added Net: Name=USB_HS_D_N
Added Pin To Net: NetName=USB_HS_D_P Pin=J2-56
Added Pin To Net: NetName=USB_HS_D_P Pin=L2-2
Added Net: Name=USB_HS_D_P
Added Pin To Net: NetName=USB_ILIM Pin=R25-2
Added Pin To Net: NetName=USB_ILIM Pin=U2-2
Added Net: Name=USB_ILIM
Added Pin To Net: NetName=USB_PHY_VBUS Pin=J2-57
Added Pin To Net: NetName=USB_PHY_VBUS Pin=R18-2
Added Net: Name=USB_PHY_VBUS
Added Class: Name=CarrierBoardPPower
Added Class: Name=CarrierMezzanineConnectors
Added Class: Name=CarrierPeripherals
Added Differential Pair: Name=ETH_MDI0
Added Differential Pair: Name=ETH_MDI1
Added Differential Pair: Name=ETH_MDI2
Added Differential Pair: Name=ETH_MDI3
Added Differential Pair: Name=USB_D_C
Added Differential Pair: Name=USB_HS_D
Added Rule: Name=Schematic Supply Nets
Added Rule: Name=Schematic Supply Nets_1
Added Rule: Name=Schematic Supply Nets_2
Added Rule: Name=Schematic Supply Nets_3
Added Rule: Name=Schematic Supply Nets_4
Added Rule: Name=Schematic Supply Nets_5
Added Rule: Name=Schematic Supply Nets_6
Added Rule: Name=Schematic Supply Nets_7
